{"D:\\_FIAP\\Tech Challenge\\Fase 4\\testeBruna\\g2-3soat-sa-app\\src\\application\\categoryGateway.js": {"path":"D:\\_FIAP\\Tech Challenge\\Fase 4\\testeBruna\\g2-3soat-sa-app\\src\\application\\categoryGateway.js","statementMap":{"0":{"start":{"line":5,"column":18},"end":{"line":5,"column":66}},"1":{"start":{"line":5,"column":26},"end":{"line":5,"column":66}},"2":{"start":{"line":6,"column":13},"end":{"line":6,"column":68}},"3":{"start":{"line":6,"column":27},"end":{"line":6,"column":68}},"4":{"start":{"line":7,"column":17},"end":{"line":7,"column":60}},"5":{"start":{"line":7,"column":23},"end":{"line":7,"column":60}},"6":{"start":{"line":8,"column":20},"end":{"line":8,"column":90}},"7":{"start":{"line":8,"column":38},"end":{"line":8,"column":90}},"8":{"start":{"line":9,"column":20},"end":{"line":9,"column":70}},"9":{"start":{"line":9,"column":28},"end":{"line":9,"column":70}},"10":{"start":{"line":11,"column":1},"end":{"line":17,"column":2}}},"fnMap":{"0":{"name":"categoryGateway","decl":{"start":{"line":3,"column":24},"end":{"line":3,"column":39}},"loc":{"start":{"line":3,"column":42},"end":{"line":18,"column":1}},"line":3},"1":{"name":"(anonymous_1)","decl":{"start":{"line":5,"column":18},"end":{"line":5,"column":19}},"loc":{"start":{"line":5,"column":26},"end":{"line":5,"column":66}},"line":5},"2":{"name":"(anonymous_2)","decl":{"start":{"line":6,"column":13},"end":{"line":6,"column":14}},"loc":{"start":{"line":6,"column":27},"end":{"line":6,"column":68}},"line":6},"3":{"name":"(anonymous_3)","decl":{"start":{"line":7,"column":17},"end":{"line":7,"column":18}},"loc":{"start":{"line":7,"column":23},"end":{"line":7,"column":60}},"line":7},"4":{"name":"(anonymous_4)","decl":{"start":{"line":8,"column":20},"end":{"line":8,"column":21}},"loc":{"start":{"line":8,"column":38},"end":{"line":8,"column":90}},"line":8},"5":{"name":"(anonymous_5)","decl":{"start":{"line":9,"column":20},"end":{"line":9,"column":21}},"loc":{"start":{"line":9,"column":28},"end":{"line":9,"column":70}},"line":9}},"branchMap":{},"s":{"0":5,"1":1,"2":5,"3":1,"4":5,"5":1,"6":5,"7":1,"8":5,"9":1,"10":5},"f":{"0":5,"1":1,"2":1,"3":1,"4":1,"5":1},"b":{},"_coverageSchema":"1a1c01bbd47fc00a2c39e90264f33305004495a9","hash":"48d2d26d7b5410e54aebd176b959bd764805f404"}
,"D:\\_FIAP\\Tech Challenge\\Fase 4\\testeBruna\\g2-3soat-sa-app\\src\\config\\dbConnectMysql.js": {"path":"D:\\_FIAP\\Tech Challenge\\Fase 4\\testeBruna\\g2-3soat-sa-app\\src\\config\\dbConnectMysql.js","statementMap":{"0":{"start":{"line":3,"column":29},"end":{"line":8,"column":2}},"1":{"start":{"line":10,"column":0},"end":{"line":16,"column":2}},"2":{"start":{"line":11,"column":1},"end":{"line":15,"column":2}},"3":{"start":{"line":12,"column":2},"end":{"line":12,"column":18}},"4":{"start":{"line":14,"column":2},"end":{"line":14,"column":27}}},"fnMap":{"0":{"name":"(anonymous_0)","decl":{"start":{"line":10,"column":29},"end":{"line":10,"column":30}},"loc":{"start":{"line":10,"column":44},"end":{"line":16,"column":1}},"line":10}},"branchMap":{"0":{"loc":{"start":{"line":11,"column":1},"end":{"line":15,"column":2}},"type":"if","locations":[{"start":{"line":11,"column":1},"end":{"line":15,"column":2}},{"start":{"line":13,"column":8},"end":{"line":15,"column":2}}],"line":11}},"s":{"0":1,"1":1,"2":0,"3":0,"4":0},"f":{"0":0},"b":{"0":[0,0]},"_coverageSchema":"1a1c01bbd47fc00a2c39e90264f33305004495a9","hash":"b6cb4cde82a43e189d72d059ce0596c72715c70f"}
,"D:\\_FIAP\\Tech Challenge\\Fase 4\\testeBruna\\g2-3soat-sa-app\\src\\db\\database\\mySql\\repositories\\categoryRepositoryMySqlDB.js": {"path":"D:\\_FIAP\\Tech Challenge\\Fase 4\\testeBruna\\g2-3soat-sa-app\\src\\db\\database\\mySql\\repositories\\categoryRepositoryMySqlDB.js","statementMap":{"0":{"start":{"line":6,"column":13},"end":{"line":37,"column":2}},"1":{"start":{"line":7,"column":2},"end":{"line":36,"column":5}},"2":{"start":{"line":9,"column":3},"end":{"line":35,"column":6}},"3":{"start":{"line":10,"column":4},"end":{"line":12,"column":5}},"4":{"start":{"line":11,"column":5},"end":{"line":11,"column":31}},"5":{"start":{"line":14,"column":24},"end":{"line":14,"column":120}},"6":{"start":{"line":15,"column":4},"end":{"line":34,"column":7}},"7":{"start":{"line":16,"column":5},"end":{"line":19,"column":6}},"8":{"start":{"line":18,"column":6},"end":{"line":18,"column":46}},"9":{"start":{"line":18,"column":31},"end":{"line":18,"column":44}},"10":{"start":{"line":22,"column":5},"end":{"line":33,"column":8}},"11":{"start":{"line":23,"column":6},"end":{"line":26,"column":7}},"12":{"start":{"line":25,"column":7},"end":{"line":25,"column":53}},"13":{"start":{"line":25,"column":32},"end":{"line":25,"column":51}},"14":{"start":{"line":29,"column":23},"end":{"line":29,"column":38}},"15":{"start":{"line":30,"column":27},"end":{"line":30,"column":59}},"16":{"start":{"line":31,"column":26},"end":{"line":31,"column":57}},"17":{"start":{"line":32,"column":6},"end":{"line":32,"column":109}},"18":{"start":{"line":40,"column":17},"end":{"line":69,"column":2}},"19":{"start":{"line":41,"column":2},"end":{"line":68,"column":5}},"20":{"start":{"line":44,"column":3},"end":{"line":67,"column":6}},"21":{"start":{"line":45,"column":4},"end":{"line":47,"column":5}},"22":{"start":{"line":46,"column":5},"end":{"line":46,"column":31}},"23":{"start":{"line":49,"column":19},"end":{"line":49,"column":45}},"24":{"start":{"line":50,"column":4},"end":{"line":66,"column":7}},"25":{"start":{"line":51,"column":5},"end":{"line":54,"column":6}},"26":{"start":{"line":53,"column":6},"end":{"line":53,"column":51}},"27":{"start":{"line":53,"column":31},"end":{"line":53,"column":49}},"28":{"start":{"line":57,"column":5},"end":{"line":65,"column":8}},"29":{"start":{"line":58,"column":6},"end":{"line":61,"column":7}},"30":{"start":{"line":60,"column":7},"end":{"line":60,"column":53}},"31":{"start":{"line":60,"column":32},"end":{"line":60,"column":51}},"32":{"start":{"line":64,"column":6},"end":{"line":64,"column":22}},"33":{"start":{"line":72,"column":18},"end":{"line":100,"column":2}},"34":{"start":{"line":73,"column":2},"end":{"line":99,"column":5}},"35":{"start":{"line":75,"column":3},"end":{"line":98,"column":6}},"36":{"start":{"line":76,"column":4},"end":{"line":78,"column":5}},"37":{"start":{"line":77,"column":5},"end":{"line":77,"column":31}},"38":{"start":{"line":80,"column":19},"end":{"line":80,"column":58}},"39":{"start":{"line":81,"column":4},"end":{"line":97,"column":7}},"40":{"start":{"line":82,"column":5},"end":{"line":85,"column":6}},"41":{"start":{"line":84,"column":6},"end":{"line":84,"column":51}},"42":{"start":{"line":84,"column":31},"end":{"line":84,"column":49}},"43":{"start":{"line":88,"column":5},"end":{"line":96,"column":8}},"44":{"start":{"line":89,"column":6},"end":{"line":92,"column":7}},"45":{"start":{"line":91,"column":7},"end":{"line":91,"column":53}},"46":{"start":{"line":91,"column":32},"end":{"line":91,"column":51}},"47":{"start":{"line":95,"column":6},"end":{"line":95,"column":22}},"48":{"start":{"line":104,"column":20},"end":{"line":137,"column":2}},"49":{"start":{"line":105,"column":2},"end":{"line":136,"column":5}},"50":{"start":{"line":107,"column":3},"end":{"line":135,"column":6}},"51":{"start":{"line":108,"column":4},"end":{"line":110,"column":5}},"52":{"start":{"line":109,"column":5},"end":{"line":109,"column":31}},"53":{"start":{"line":112,"column":19},"end":{"line":112,"column":56}},"54":{"start":{"line":113,"column":4},"end":{"line":134,"column":7}},"55":{"start":{"line":114,"column":5},"end":{"line":117,"column":6}},"56":{"start":{"line":116,"column":6},"end":{"line":116,"column":51}},"57":{"start":{"line":116,"column":31},"end":{"line":116,"column":49}},"58":{"start":{"line":120,"column":5},"end":{"line":133,"column":8}},"59":{"start":{"line":121,"column":6},"end":{"line":124,"column":7}},"60":{"start":{"line":123,"column":7},"end":{"line":123,"column":53}},"61":{"start":{"line":123,"column":32},"end":{"line":123,"column":51}},"62":{"start":{"line":125,"column":24},"end":{"line":125,"column":43}},"63":{"start":{"line":127,"column":6},"end":{"line":130,"column":7}},"64":{"start":{"line":128,"column":21},"end":{"line":128,"column":41}},"65":{"start":{"line":129,"column":7},"end":{"line":129,"column":46}},"66":{"start":{"line":132,"column":6},"end":{"line":132,"column":22}},"67":{"start":{"line":162,"column":20},"end":{"line":199,"column":2}},"68":{"start":{"line":163,"column":2},"end":{"line":198,"column":5}},"69":{"start":{"line":165,"column":3},"end":{"line":197,"column":6}},"70":{"start":{"line":166,"column":4},"end":{"line":168,"column":5}},"71":{"start":{"line":167,"column":5},"end":{"line":167,"column":31}},"72":{"start":{"line":170,"column":24},"end":{"line":170,"column":117}},"73":{"start":{"line":171,"column":4},"end":{"line":196,"column":7}},"74":{"start":{"line":172,"column":5},"end":{"line":175,"column":6}},"75":{"start":{"line":174,"column":6},"end":{"line":174,"column":46}},"76":{"start":{"line":174,"column":31},"end":{"line":174,"column":44}},"77":{"start":{"line":178,"column":5},"end":{"line":195,"column":8}},"78":{"start":{"line":179,"column":6},"end":{"line":182,"column":7}},"79":{"start":{"line":181,"column":7},"end":{"line":181,"column":53}},"80":{"start":{"line":181,"column":32},"end":{"line":181,"column":51}},"81":{"start":{"line":184,"column":27},"end":{"line":184,"column":59}},"82":{"start":{"line":185,"column":26},"end":{"line":185,"column":57}},"83":{"start":{"line":186,"column":24},"end":{"line":186,"column":43}},"84":{"start":{"line":187,"column":20},"end":{"line":187,"column":38}},"85":{"start":{"line":189,"column":6},"end":{"line":192,"column":7}},"86":{"start":{"line":190,"column":7},"end":{"line":190,"column":38}},"87":{"start":{"line":191,"column":7},"end":{"line":191,"column":46}},"88":{"start":{"line":194,"column":6},"end":{"line":194,"column":105}},"89":{"start":{"line":202,"column":1},"end":{"line":209,"column":2}}},"fnMap":{"0":{"name":"categoryRepositoryMySqlDB","decl":{"start":{"line":3,"column":24},"end":{"line":3,"column":49}},"loc":{"start":{"line":3,"column":52},"end":{"line":210,"column":1}},"line":3},"1":{"name":"(anonymous_1)","decl":{"start":{"line":6,"column":13},"end":{"line":6,"column":14}},"loc":{"start":{"line":6,"column":39},"end":{"line":37,"column":2}},"line":6},"2":{"name":"(anonymous_2)","decl":{"start":{"line":7,"column":21},"end":{"line":7,"column":22}},"loc":{"start":{"line":7,"column":42},"end":{"line":36,"column":3}},"line":7},"3":{"name":"(anonymous_3)","decl":{"start":{"line":9,"column":23},"end":{"line":9,"column":24}},"loc":{"start":{"line":9,"column":39},"end":{"line":35,"column":4}},"line":9},"4":{"name":"(anonymous_4)","decl":{"start":{"line":15,"column":95},"end":{"line":15,"column":96}},"loc":{"start":{"line":15,"column":114},"end":{"line":34,"column":5}},"line":15},"5":{"name":"(anonymous_5)","decl":{"start":{"line":18,"column":25},"end":{"line":18,"column":26}},"loc":{"start":{"line":18,"column":31},"end":{"line":18,"column":44}},"line":18},"6":{"name":"(anonymous_6)","decl":{"start":{"line":22,"column":15},"end":{"line":22,"column":16}},"loc":{"start":{"line":22,"column":32},"end":{"line":33,"column":6}},"line":22},"7":{"name":"(anonymous_7)","decl":{"start":{"line":25,"column":26},"end":{"line":25,"column":27}},"loc":{"start":{"line":25,"column":32},"end":{"line":25,"column":51}},"line":25},"8":{"name":"(anonymous_8)","decl":{"start":{"line":40,"column":17},"end":{"line":40,"column":18}},"loc":{"start":{"line":40,"column":35},"end":{"line":69,"column":2}},"line":40},"9":{"name":"(anonymous_9)","decl":{"start":{"line":41,"column":21},"end":{"line":41,"column":22}},"loc":{"start":{"line":41,"column":42},"end":{"line":68,"column":3}},"line":41},"10":{"name":"(anonymous_10)","decl":{"start":{"line":44,"column":23},"end":{"line":44,"column":24}},"loc":{"start":{"line":44,"column":39},"end":{"line":67,"column":4}},"line":44},"11":{"name":"(anonymous_11)","decl":{"start":{"line":50,"column":21},"end":{"line":50,"column":22}},"loc":{"start":{"line":50,"column":45},"end":{"line":66,"column":5}},"line":50},"12":{"name":"(anonymous_12)","decl":{"start":{"line":53,"column":25},"end":{"line":53,"column":26}},"loc":{"start":{"line":53,"column":31},"end":{"line":53,"column":49}},"line":53},"13":{"name":"(anonymous_13)","decl":{"start":{"line":57,"column":15},"end":{"line":57,"column":16}},"loc":{"start":{"line":57,"column":32},"end":{"line":65,"column":6}},"line":57},"14":{"name":"(anonymous_14)","decl":{"start":{"line":60,"column":26},"end":{"line":60,"column":27}},"loc":{"start":{"line":60,"column":32},"end":{"line":60,"column":51}},"line":60},"15":{"name":"(anonymous_15)","decl":{"start":{"line":72,"column":18},"end":{"line":72,"column":19}},"loc":{"start":{"line":72,"column":26},"end":{"line":100,"column":2}},"line":72},"16":{"name":"(anonymous_16)","decl":{"start":{"line":73,"column":21},"end":{"line":73,"column":22}},"loc":{"start":{"line":73,"column":42},"end":{"line":99,"column":3}},"line":73},"17":{"name":"(anonymous_17)","decl":{"start":{"line":75,"column":23},"end":{"line":75,"column":24}},"loc":{"start":{"line":75,"column":39},"end":{"line":98,"column":4}},"line":75},"18":{"name":"(anonymous_18)","decl":{"start":{"line":81,"column":27},"end":{"line":81,"column":28}},"loc":{"start":{"line":81,"column":51},"end":{"line":97,"column":5}},"line":81},"19":{"name":"(anonymous_19)","decl":{"start":{"line":84,"column":25},"end":{"line":84,"column":26}},"loc":{"start":{"line":84,"column":31},"end":{"line":84,"column":49}},"line":84},"20":{"name":"(anonymous_20)","decl":{"start":{"line":88,"column":15},"end":{"line":88,"column":16}},"loc":{"start":{"line":88,"column":32},"end":{"line":96,"column":6}},"line":88},"21":{"name":"(anonymous_21)","decl":{"start":{"line":91,"column":26},"end":{"line":91,"column":27}},"loc":{"start":{"line":91,"column":32},"end":{"line":91,"column":51}},"line":91},"22":{"name":"(anonymous_22)","decl":{"start":{"line":104,"column":20},"end":{"line":104,"column":21}},"loc":{"start":{"line":104,"column":28},"end":{"line":137,"column":2}},"line":104},"23":{"name":"(anonymous_23)","decl":{"start":{"line":105,"column":21},"end":{"line":105,"column":22}},"loc":{"start":{"line":105,"column":42},"end":{"line":136,"column":3}},"line":105},"24":{"name":"(anonymous_24)","decl":{"start":{"line":107,"column":23},"end":{"line":107,"column":24}},"loc":{"start":{"line":107,"column":39},"end":{"line":135,"column":4}},"line":107},"25":{"name":"(anonymous_25)","decl":{"start":{"line":113,"column":27},"end":{"line":113,"column":28}},"loc":{"start":{"line":113,"column":51},"end":{"line":134,"column":5}},"line":113},"26":{"name":"(anonymous_26)","decl":{"start":{"line":116,"column":25},"end":{"line":116,"column":26}},"loc":{"start":{"line":116,"column":31},"end":{"line":116,"column":49}},"line":116},"27":{"name":"(anonymous_27)","decl":{"start":{"line":120,"column":15},"end":{"line":120,"column":16}},"loc":{"start":{"line":120,"column":32},"end":{"line":133,"column":6}},"line":120},"28":{"name":"(anonymous_28)","decl":{"start":{"line":123,"column":26},"end":{"line":123,"column":27}},"loc":{"start":{"line":123,"column":32},"end":{"line":123,"column":51}},"line":123},"29":{"name":"(anonymous_29)","decl":{"start":{"line":162,"column":20},"end":{"line":162,"column":21}},"loc":{"start":{"line":162,"column":44},"end":{"line":199,"column":2}},"line":162},"30":{"name":"(anonymous_30)","decl":{"start":{"line":163,"column":21},"end":{"line":163,"column":22}},"loc":{"start":{"line":163,"column":42},"end":{"line":198,"column":3}},"line":163},"31":{"name":"(anonymous_31)","decl":{"start":{"line":165,"column":23},"end":{"line":165,"column":24}},"loc":{"start":{"line":165,"column":39},"end":{"line":197,"column":4}},"line":165},"32":{"name":"(anonymous_32)","decl":{"start":{"line":171,"column":99},"end":{"line":171,"column":100}},"loc":{"start":{"line":171,"column":118},"end":{"line":196,"column":5}},"line":171},"33":{"name":"(anonymous_33)","decl":{"start":{"line":174,"column":25},"end":{"line":174,"column":26}},"loc":{"start":{"line":174,"column":31},"end":{"line":174,"column":44}},"line":174},"34":{"name":"(anonymous_34)","decl":{"start":{"line":178,"column":15},"end":{"line":178,"column":16}},"loc":{"start":{"line":178,"column":32},"end":{"line":195,"column":6}},"line":178},"35":{"name":"(anonymous_35)","decl":{"start":{"line":181,"column":26},"end":{"line":181,"column":27}},"loc":{"start":{"line":181,"column":32},"end":{"line":181,"column":51}},"line":181}},"branchMap":{"0":{"loc":{"start":{"line":10,"column":4},"end":{"line":12,"column":5}},"type":"if","locations":[{"start":{"line":10,"column":4},"end":{"line":12,"column":5}},{"start":{},"end":{}}],"line":10},"1":{"loc":{"start":{"line":16,"column":5},"end":{"line":19,"column":6}},"type":"if","locations":[{"start":{"line":16,"column":5},"end":{"line":19,"column":6}},{"start":{},"end":{}}],"line":16},"2":{"loc":{"start":{"line":23,"column":6},"end":{"line":26,"column":7}},"type":"if","locations":[{"start":{"line":23,"column":6},"end":{"line":26,"column":7}},{"start":{},"end":{}}],"line":23},"3":{"loc":{"start":{"line":45,"column":4},"end":{"line":47,"column":5}},"type":"if","locations":[{"start":{"line":45,"column":4},"end":{"line":47,"column":5}},{"start":{},"end":{}}],"line":45},"4":{"loc":{"start":{"line":51,"column":5},"end":{"line":54,"column":6}},"type":"if","locations":[{"start":{"line":51,"column":5},"end":{"line":54,"column":6}},{"start":{},"end":{}}],"line":51},"5":{"loc":{"start":{"line":58,"column":6},"end":{"line":61,"column":7}},"type":"if","locations":[{"start":{"line":58,"column":6},"end":{"line":61,"column":7}},{"start":{},"end":{}}],"line":58},"6":{"loc":{"start":{"line":76,"column":4},"end":{"line":78,"column":5}},"type":"if","locations":[{"start":{"line":76,"column":4},"end":{"line":78,"column":5}},{"start":{},"end":{}}],"line":76},"7":{"loc":{"start":{"line":82,"column":5},"end":{"line":85,"column":6}},"type":"if","locations":[{"start":{"line":82,"column":5},"end":{"line":85,"column":6}},{"start":{},"end":{}}],"line":82},"8":{"loc":{"start":{"line":89,"column":6},"end":{"line":92,"column":7}},"type":"if","locations":[{"start":{"line":89,"column":6},"end":{"line":92,"column":7}},{"start":{},"end":{}}],"line":89},"9":{"loc":{"start":{"line":108,"column":4},"end":{"line":110,"column":5}},"type":"if","locations":[{"start":{"line":108,"column":4},"end":{"line":110,"column":5}},{"start":{},"end":{}}],"line":108},"10":{"loc":{"start":{"line":114,"column":5},"end":{"line":117,"column":6}},"type":"if","locations":[{"start":{"line":114,"column":5},"end":{"line":117,"column":6}},{"start":{},"end":{}}],"line":114},"11":{"loc":{"start":{"line":121,"column":6},"end":{"line":124,"column":7}},"type":"if","locations":[{"start":{"line":121,"column":6},"end":{"line":124,"column":7}},{"start":{},"end":{}}],"line":121},"12":{"loc":{"start":{"line":127,"column":6},"end":{"line":130,"column":7}},"type":"if","locations":[{"start":{"line":127,"column":6},"end":{"line":130,"column":7}},{"start":{},"end":{}}],"line":127},"13":{"loc":{"start":{"line":166,"column":4},"end":{"line":168,"column":5}},"type":"if","locations":[{"start":{"line":166,"column":4},"end":{"line":168,"column":5}},{"start":{},"end":{}}],"line":166},"14":{"loc":{"start":{"line":172,"column":5},"end":{"line":175,"column":6}},"type":"if","locations":[{"start":{"line":172,"column":5},"end":{"line":175,"column":6}},{"start":{},"end":{}}],"line":172},"15":{"loc":{"start":{"line":179,"column":6},"end":{"line":182,"column":7}},"type":"if","locations":[{"start":{"line":179,"column":6},"end":{"line":182,"column":7}},{"start":{},"end":{}}],"line":179},"16":{"loc":{"start":{"line":189,"column":6},"end":{"line":192,"column":7}},"type":"if","locations":[{"start":{"line":189,"column":6},"end":{"line":192,"column":7}},{"start":{},"end":{}}],"line":189}},"s":{"0":5,"1":1,"2":1,"3":1,"4":1,"5":0,"6":0,"7":0,"8":0,"9":0,"10":0,"11":0,"12":0,"13":0,"14":0,"15":0,"16":0,"17":0,"18":5,"19":1,"20":1,"21":0,"22":0,"23":0,"24":0,"25":0,"26":0,"27":0,"28":0,"29":0,"30":0,"31":0,"32":0,"33":5,"34":1,"35":1,"36":0,"37":0,"38":0,"39":0,"40":0,"41":0,"42":0,"43":0,"44":0,"45":0,"46":0,"47":0,"48":5,"49":1,"50":1,"51":0,"52":0,"53":0,"54":0,"55":0,"56":0,"57":0,"58":0,"59":0,"60":0,"61":0,"62":0,"63":0,"64":0,"65":0,"66":0,"67":5,"68":1,"69":1,"70":0,"71":0,"72":0,"73":0,"74":0,"75":0,"76":0,"77":0,"78":0,"79":0,"80":0,"81":0,"82":0,"83":0,"84":0,"85":0,"86":0,"87":0,"88":0,"89":5},"f":{"0":5,"1":1,"2":1,"3":1,"4":0,"5":0,"6":0,"7":0,"8":1,"9":1,"10":0,"11":0,"12":0,"13":0,"14":0,"15":1,"16":1,"17":0,"18":0,"19":0,"20":0,"21":0,"22":1,"23":1,"24":0,"25":0,"26":0,"27":0,"28":0,"29":1,"30":1,"31":0,"32":0,"33":0,"34":0,"35":0},"b":{"0":[1,0],"1":[0,0],"2":[0,0],"3":[0,0],"4":[0,0],"5":[0,0],"6":[0,0],"7":[0,0],"8":[0,0],"9":[0,0],"10":[0,0],"11":[0,0],"12":[0,0],"13":[0,0],"14":[0,0],"15":[0,0],"16":[0,0]},"_coverageSchema":"1a1c01bbd47fc00a2c39e90264f33305004495a9","hash":"06d5748ad634cf9ab7bca10a31b2d042617354bf"}
,"D:\\_FIAP\\Tech Challenge\\Fase 4\\testeBruna\\g2-3soat-sa-app\\src\\entities\\Category.js": {"path":"D:\\_FIAP\\Tech Challenge\\Fase 4\\testeBruna\\g2-3soat-sa-app\\src\\entities\\Category.js","statementMap":{"0":{"start":{"line":7,"column":4},"end":{"line":12,"column":6}},"1":{"start":{"line":8,"column":29},"end":{"line":8,"column":41}},"2":{"start":{"line":9,"column":28},"end":{"line":9,"column":39}},"3":{"start":{"line":10,"column":26},"end":{"line":10,"column":35}},"4":{"start":{"line":11,"column":26},"end":{"line":11,"column":35}}},"fnMap":{"0":{"name":"category","decl":{"start":{"line":1,"column":24},"end":{"line":1,"column":32}},"loc":{"start":{"line":6,"column":4},"end":{"line":13,"column":3}},"line":6},"1":{"name":"(anonymous_1)","decl":{"start":{"line":8,"column":23},"end":{"line":8,"column":24}},"loc":{"start":{"line":8,"column":29},"end":{"line":8,"column":41}},"line":8},"2":{"name":"(anonymous_2)","decl":{"start":{"line":9,"column":22},"end":{"line":9,"column":23}},"loc":{"start":{"line":9,"column":28},"end":{"line":9,"column":39}},"line":9},"3":{"name":"(anonymous_3)","decl":{"start":{"line":10,"column":20},"end":{"line":10,"column":21}},"loc":{"start":{"line":10,"column":26},"end":{"line":10,"column":35}},"line":10},"4":{"name":"(anonymous_4)","decl":{"start":{"line":11,"column":20},"end":{"line":11,"column":21}},"loc":{"start":{"line":11,"column":26},"end":{"line":11,"column":35}},"line":11}},"branchMap":{},"s":{"0":2,"1":0,"2":0,"3":0,"4":0},"f":{"0":2,"1":0,"2":0,"3":0,"4":0},"b":{},"_coverageSchema":"1a1c01bbd47fc00a2c39e90264f33305004495a9","hash":"baa06085ad50a709302a78d50ac9f15cb049cbd1"}
,"D:\\_FIAP\\Tech Challenge\\Fase 4\\testeBruna\\g2-3soat-sa-app\\src\\use_cases\\category\\add.js": {"path":"D:\\_FIAP\\Tech Challenge\\Fase 4\\testeBruna\\g2-3soat-sa-app\\src\\use_cases\\category\\add.js","statementMap":{"0":{"start":{"line":4,"column":16},"end":{"line":4,"column":33}},"1":{"start":{"line":13,"column":4},"end":{"line":15,"column":5}},"2":{"start":{"line":14,"column":6},"end":{"line":14,"column":85}},"3":{"start":{"line":18,"column":4},"end":{"line":18,"column":82}}},"fnMap":{"0":{"name":"createCategory","decl":{"start":{"line":6,"column":24},"end":{"line":6,"column":38}},"loc":{"start":{"line":11,"column":1},"end":{"line":19,"column":1}},"line":11}},"branchMap":{"0":{"loc":{"start":{"line":13,"column":4},"end":{"line":15,"column":5}},"type":"if","locations":[{"start":{"line":13,"column":4},"end":{"line":15,"column":5}},{"start":{},"end":{}}],"line":13},"1":{"loc":{"start":{"line":13,"column":8},"end":{"line":13,"column":37}},"type":"binary-expr","locations":[{"start":{"line":13,"column":8},"end":{"line":13,"column":21}},{"start":{"line":13,"column":25},"end":{"line":13,"column":37}}],"line":13}},"s":{"0":1,"1":2,"2":1,"3":1},"f":{"0":2},"b":{"0":[1,1],"1":[2,2]},"_coverageSchema":"1a1c01bbd47fc00a2c39e90264f33305004495a9","hash":"b303adcbc7716509f07e382898e149728a2a4a40"}
,"D:\\_FIAP\\Tech Challenge\\Fase 4\\testeBruna\\g2-3soat-sa-app\\src\\use_cases\\category\\deleteById.js": {"path":"D:\\_FIAP\\Tech Challenge\\Fase 4\\testeBruna\\g2-3soat-sa-app\\src\\use_cases\\category\\deleteById.js","statementMap":{"0":{"start":{"line":3,"column":16},"end":{"line":3,"column":33}},"1":{"start":{"line":6,"column":2},"end":{"line":6,"column":32}}},"fnMap":{"0":{"name":"deleteById","decl":{"start":{"line":5,"column":24},"end":{"line":5,"column":34}},"loc":{"start":{"line":5,"column":39},"end":{"line":15,"column":3}},"line":5}},"branchMap":{},"s":{"0":1,"1":1},"f":{"0":1},"b":{},"_coverageSchema":"1a1c01bbd47fc00a2c39e90264f33305004495a9","hash":"14f6e79f47fc240425fed281563e4f0245ed0c29"}
,"D:\\_FIAP\\Tech Challenge\\Fase 4\\testeBruna\\g2-3soat-sa-app\\src\\use_cases\\category\\findById.js": {"path":"D:\\_FIAP\\Tech Challenge\\Fase 4\\testeBruna\\g2-3soat-sa-app\\src\\use_cases\\category\\findById.js","statementMap":{"0":{"start":{"line":3,"column":16},"end":{"line":3,"column":33}},"1":{"start":{"line":6,"column":4},"end":{"line":6,"column":32}}},"fnMap":{"0":{"name":"findById","decl":{"start":{"line":5,"column":24},"end":{"line":5,"column":32}},"loc":{"start":{"line":5,"column":37},"end":{"line":7,"column":3}},"line":5}},"branchMap":{},"s":{"0":1,"1":1},"f":{"0":1},"b":{},"_coverageSchema":"1a1c01bbd47fc00a2c39e90264f33305004495a9","hash":"e3e3a6a85c22e508778a20515184522e38107271"}
,"D:\\_FIAP\\Tech Challenge\\Fase 4\\testeBruna\\g2-3soat-sa-app\\src\\use_cases\\category\\getAll.js": {"path":"D:\\_FIAP\\Tech Challenge\\Fase 4\\testeBruna\\g2-3soat-sa-app\\src\\use_cases\\category\\getAll.js","statementMap":{"0":{"start":{"line":3,"column":16},"end":{"line":3,"column":33}},"1":{"start":{"line":5,"column":1},"end":{"line":5,"column":26}}},"fnMap":{"0":{"name":"getAllCategories","decl":{"start":{"line":4,"column":24},"end":{"line":4,"column":40}},"loc":{"start":{"line":4,"column":43},"end":{"line":6,"column":1}},"line":4}},"branchMap":{},"s":{"0":1,"1":1},"f":{"0":1},"b":{},"_coverageSchema":"1a1c01bbd47fc00a2c39e90264f33305004495a9","hash":"996e192fd3dc9b8036e44b1e989f33936314d02c"}
,"D:\\_FIAP\\Tech Challenge\\Fase 4\\testeBruna\\g2-3soat-sa-app\\src\\use_cases\\category\\updateById.js": {"path":"D:\\_FIAP\\Tech Challenge\\Fase 4\\testeBruna\\g2-3soat-sa-app\\src\\use_cases\\category\\updateById.js","statementMap":{"0":{"start":{"line":4,"column":16},"end":{"line":4,"column":33}},"1":{"start":{"line":14,"column":2},"end":{"line":16,"column":3}},"2":{"start":{"line":15,"column":4},"end":{"line":15,"column":81}},"3":{"start":{"line":17,"column":26},"end":{"line":21,"column":3}},"4":{"start":{"line":23,"column":2},"end":{"line":23,"column":49}}},"fnMap":{"0":{"name":"updateCategoryById","decl":{"start":{"line":6,"column":24},"end":{"line":6,"column":42}},"loc":{"start":{"line":11,"column":2},"end":{"line":32,"column":1}},"line":11}},"branchMap":{"0":{"loc":{"start":{"line":14,"column":2},"end":{"line":16,"column":3}},"type":"if","locations":[{"start":{"line":14,"column":2},"end":{"line":16,"column":3}},{"start":{},"end":{}}],"line":14},"1":{"loc":{"start":{"line":14,"column":6},"end":{"line":14,"column":35}},"type":"binary-expr","locations":[{"start":{"line":14,"column":6},"end":{"line":14,"column":19}},{"start":{"line":14,"column":23},"end":{"line":14,"column":35}}],"line":14}},"s":{"0":1,"1":2,"2":1,"3":1,"4":1},"f":{"0":2},"b":{"0":[1,1],"1":[2,1]},"_coverageSchema":"1a1c01bbd47fc00a2c39e90264f33305004495a9","hash":"9a770f87d87c806d418fa4f6aa9adda71e6e7c7d"}
}
