{"/Users/brunacarlota/Documents/fiap_3soat/tech-challenge/g2-3soat-sa-app/src/controllers/fizzbuzz.js": {"path":"/Users/brunacarlota/Documents/fiap_3soat/tech-challenge/g2-3soat-sa-app/src/controllers/fizzbuzz.js","statementMap":{"0":{"start":{"line":2,"column":1},"end":{"line":10,"column":2}},"1":{"start":{"line":3,"column":2},"end":{"line":3,"column":20}},"2":{"start":{"line":4,"column":8},"end":{"line":10,"column":2}},"3":{"start":{"line":5,"column":2},"end":{"line":5,"column":16}},"4":{"start":{"line":6,"column":8},"end":{"line":10,"column":2}},"5":{"start":{"line":7,"column":2},"end":{"line":7,"column":16}},"6":{"start":{"line":9,"column":2},"end":{"line":9,"column":16}}},"fnMap":{"0":{"name":"fizzBuzz","decl":{"start":{"line":1,"column":24},"end":{"line":1,"column":32}},"loc":{"start":{"line":1,"column":40},"end":{"line":11,"column":1}},"line":1}},"branchMap":{"0":{"loc":{"start":{"line":2,"column":1},"end":{"line":10,"column":2}},"type":"if","locations":[{"start":{"line":2,"column":1},"end":{"line":10,"column":2}},{"start":{"line":4,"column":8},"end":{"line":10,"column":2}}],"line":2},"1":{"loc":{"start":{"line":2,"column":5},"end":{"line":2,"column":41}},"type":"binary-expr","locations":[{"start":{"line":2,"column":5},"end":{"line":2,"column":21}},{"start":{"line":2,"column":25},"end":{"line":2,"column":41}}],"line":2},"2":{"loc":{"start":{"line":4,"column":8},"end":{"line":10,"column":2}},"type":"if","locations":[{"start":{"line":4,"column":8},"end":{"line":10,"column":2}},{"start":{"line":6,"column":8},"end":{"line":10,"column":2}}],"line":4},"3":{"loc":{"start":{"line":6,"column":8},"end":{"line":10,"column":2}},"type":"if","locations":[{"start":{"line":6,"column":8},"end":{"line":10,"column":2}},{"start":{"line":8,"column":8},"end":{"line":10,"column":2}}],"line":6}},"s":{"0":2,"1":1,"2":1,"3":1,"4":0,"5":0,"6":0},"f":{"0":2},"b":{"0":[1,1],"1":[2,2],"2":[1,0],"3":[0,0]},"_coverageSchema":"1a1c01bbd47fc00a2c39e90264f33305004495a9","hash":"9835e2d2830db58764bb0a6f4ab41b915f39312e"}
}
