TN:
SF:src/app.js
FNF:0
FNH:0
DA:4,0
DA:5,0
DA:7,0
LF:3
LH:0
BRF:0
BRH:0
end_of_record
TN:
SF:src/api/apiClient.js
FN:3,(anonymous_0)
FNF:1
FNH:0
FNDA:0,(anonymous_0)
DA:3,0
LF:1
LH:0
BRF:0
BRH:0
end_of_record
TN:
SF:src/api/services/cognito.js
FN:10,testRegisterUser
FN:29,testConfirmUser
FN:42,testAuthenticateUser
FNF:3
FNH:0
FNDA:0,testRegisterUser
FNDA:0,testConfirmUser
FNDA:0,testAuthenticateUser
DA:3,0
DA:11,0
DA:12,0
DA:13,0
DA:15,0
DA:16,0
DA:17,0
DA:19,0
DA:30,0
DA:31,0
DA:32,0
DA:34,0
DA:43,0
DA:44,0
DA:45,0
DA:47,0
DA:48,0
LF:17
LH:0
BRF:0
BRH:0
end_of_record
TN:
SF:src/api/services/payment.js
FN:12,createNewPayment
FNF:1
FNH:0
FNDA:0,createNewPayment
DA:3,0
DA:4,0
DA:9,0
DA:10,0
DA:13,0
LF:5
LH:0
BRF:0
BRH:0
end_of_record
TN:
SF:src/application/categoryGateway.js
FN:3,categoryGateway
FN:5,(anonymous_1)
FN:6,(anonymous_2)
FN:7,(anonymous_3)
FN:8,(anonymous_4)
FN:9,(anonymous_5)
FNF:6
FNH:0
FNDA:0,categoryGateway
FNDA:0,(anonymous_1)
FNDA:0,(anonymous_2)
FNDA:0,(anonymous_3)
FNDA:0,(anonymous_4)
FNDA:0,(anonymous_5)
DA:5,0
DA:6,0
DA:7,0
DA:8,0
DA:9,0
DA:11,0
LF:6
LH:0
BRF:0
BRH:0
end_of_record
TN:
SF:src/application/customerGateway.js
FN:2,customerGateway
FN:4,(anonymous_1)
FN:5,(anonymous_2)
FN:6,(anonymous_3)
FN:7,(anonymous_4)
FN:8,(anonymous_5)
FN:9,(anonymous_6)
FNF:7
FNH:0
FNDA:0,customerGateway
FNDA:0,(anonymous_1)
FNDA:0,(anonymous_2)
FNDA:0,(anonymous_3)
FNDA:0,(anonymous_4)
FNDA:0,(anonymous_5)
FNDA:0,(anonymous_6)
DA:4,0
DA:5,0
DA:6,0
DA:7,0
DA:8,0
DA:9,0
DA:11,0
LF:7
LH:0
BRF:0
BRH:0
end_of_record
TN:
SF:src/application/orderGateway.js
FN:3,orderGateway
FN:5,(anonymous_1)
FN:6,(anonymous_2)
FN:7,(anonymous_3)
FN:8,(anonymous_4)
FN:9,(anonymous_5)
FN:10,(anonymous_6)
FNF:7
FNH:0
FNDA:0,orderGateway
FNDA:0,(anonymous_1)
FNDA:0,(anonymous_2)
FNDA:0,(anonymous_3)
FNDA:0,(anonymous_4)
FNDA:0,(anonymous_5)
FNDA:0,(anonymous_6)
DA:5,0
DA:6,0
DA:7,0
DA:8,0
DA:9,0
DA:10,0
DA:12,0
LF:7
LH:0
BRF:0
BRH:0
end_of_record
TN:
SF:src/application/paymentGateway.js
FN:4,paymentGateway
FN:6,(anonymous_1)
FN:7,(anonymous_2)
FN:8,(anonymous_3)
FN:9,(anonymous_4)
FNF:5
FNH:0
FNDA:0,paymentGateway
FNDA:0,(anonymous_1)
FNDA:0,(anonymous_2)
FNDA:0,(anonymous_3)
FNDA:0,(anonymous_4)
DA:6,0
DA:7,0
DA:8,0
DA:9,0
DA:12,0
LF:5
LH:0
BRF:0
BRH:0
end_of_record
TN:
SF:src/application/productGateway.js
FN:3,productGateway
FN:5,(anonymous_1)
FN:6,(anonymous_2)
FN:7,(anonymous_3)
FN:8,(anonymous_4)
FN:9,(anonymous_5)
FNF:6
FNH:0
FNDA:0,productGateway
FNDA:0,(anonymous_1)
FNDA:0,(anonymous_2)
FNDA:0,(anonymous_3)
FNDA:0,(anonymous_4)
FNDA:0,(anonymous_5)
DA:5,0
DA:6,0
DA:7,0
DA:8,0
DA:9,0
DA:11,0
LF:6
LH:0
BRF:0
BRH:0
end_of_record
TN:
SF:src/application/statusGateway.js
FN:3,statusGateway
FN:5,(anonymous_1)
FN:6,(anonymous_2)
FN:7,(anonymous_3)
FN:8,(anonymous_4)
FN:9,(anonymous_5)
FNF:6
FNH:0
FNDA:0,statusGateway
FNDA:0,(anonymous_1)
FNDA:0,(anonymous_2)
FNDA:0,(anonymous_3)
FNDA:0,(anonymous_4)
FNDA:0,(anonymous_5)
DA:5,0
DA:6,0
DA:7,0
DA:8,0
DA:9,0
DA:11,0
LF:6
LH:0
BRF:0
BRH:0
end_of_record
TN:
SF:src/config/dbConnectMysql.js
FN:10,(anonymous_0)
FNF:1
FNH:0
FNDA:0,(anonymous_0)
DA:3,0
DA:10,0
DA:11,0
DA:12,0
DA:14,0
LF:5
LH:0
BRDA:11,0,0,0
BRDA:11,0,1,0
BRF:2
BRH:0
end_of_record
TN:
SF:src/config/mercadoPagoConfig.js
FNF:0
FNH:0
DA:3,0
DA:4,0
LF:2
LH:0
BRF:0
BRH:0
end_of_record
TN:
SF:src/config/webhookConfig.js
FNF:0
FNH:0
DA:1,0
LF:1
LH:0
BRF:0
BRH:0
end_of_record
TN:
SF:src/controllers/categoryController.js
FN:7,categoryController
FN:9,(anonymous_1)
FN:19,(anonymous_2)
FN:20,(anonymous_3)
FN:23,(anonymous_4)
FN:25,(anonymous_5)
FN:31,(anonymous_6)
FN:34,(anonymous_7)
FN:36,(anonymous_8)
FN:42,(anonymous_9)
FN:45,(anonymous_10)
FN:47,(anonymous_11)
FN:48,(anonymous_12)
FN:51,(anonymous_13)
FN:61,(anonymous_14)
FN:62,(anonymous_15)
FNF:16
FNH:0
FNDA:0,categoryController
FNDA:0,(anonymous_1)
FNDA:0,(anonymous_2)
FNDA:0,(anonymous_3)
FNDA:0,(anonymous_4)
FNDA:0,(anonymous_5)
FNDA:0,(anonymous_6)
FNDA:0,(anonymous_7)
FNDA:0,(anonymous_8)
FNDA:0,(anonymous_9)
FNDA:0,(anonymous_10)
FNDA:0,(anonymous_11)
FNDA:0,(anonymous_12)
FNDA:0,(anonymous_13)
FNDA:0,(anonymous_14)
FNDA:0,(anonymous_15)
DA:9,0
DA:10,0
DA:11,0
DA:13,0
DA:19,0
DA:20,0
DA:23,0
DA:24,0
DA:26,0
DA:27,0
DA:29,0
DA:31,0
DA:34,0
DA:35,0
DA:37,0
DA:38,0
DA:40,0
DA:42,0
DA:45,0
DA:46,0
DA:47,0
DA:48,0
DA:51,0
DA:52,0
DA:55,0
DA:61,0
DA:62,0
DA:66,0
LF:28
LH:0
BRDA:26,0,0,0
BRDA:26,0,1,0
BRDA:37,1,0,0
BRDA:37,1,1,0
BRF:4
BRH:0
end_of_record
TN:
SF:src/controllers/customerController.js
FN:11,customerController
FN:13,(anonymous_1)
FN:15,(anonymous_2)
FN:22,(anonymous_3)
FN:25,(anonymous_4)
FN:37,(anonymous_5)
FN:41,(anonymous_6)
FN:43,(anonymous_7)
FN:49,(anonymous_8)
FN:52,(anonymous_9)
FN:56,(anonymous_10)
FN:59,(anonymous_11)
FN:64,(anonymous_12)
FN:67,(anonymous_13)
FN:71,(anonymous_14)
FN:76,(anonymous_15)
FN:78,(anonymous_16)
FN:85,(anonymous_17)
FN:88,(anonymous_18)
FN:90,(anonymous_19)
FN:97,(anonymous_20)
FN:99,(anonymous_21)
FN:107,(anonymous_22)
FN:111,(anonymous_23)
FN:113,(anonymous_24)
FN:114,(anonymous_25)
FN:117,(anonymous_26)
FN:130,(anonymous_27)
FN:131,(anonymous_28)
FNF:29
FNH:0
FNDA:0,customerController
FNDA:0,(anonymous_1)
FNDA:0,(anonymous_2)
FNDA:0,(anonymous_3)
FNDA:0,(anonymous_4)
FNDA:0,(anonymous_5)
FNDA:0,(anonymous_6)
FNDA:0,(anonymous_7)
FNDA:0,(anonymous_8)
FNDA:0,(anonymous_9)
FNDA:0,(anonymous_10)
FNDA:0,(anonymous_11)
FNDA:0,(anonymous_12)
FNDA:0,(anonymous_13)
FNDA:0,(anonymous_14)
FNDA:0,(anonymous_15)
FNDA:0,(anonymous_16)
FNDA:0,(anonymous_17)
FNDA:0,(anonymous_18)
FNDA:0,(anonymous_19)
FNDA:0,(anonymous_20)
FNDA:0,(anonymous_21)
FNDA:0,(anonymous_22)
FNDA:0,(anonymous_23)
FNDA:0,(anonymous_24)
FNDA:0,(anonymous_25)
FNDA:0,(anonymous_26)
FNDA:0,(anonymous_27)
FNDA:0,(anonymous_28)
DA:13,0
DA:14,0
DA:16,0
DA:18,0
DA:20,0
DA:22,0
DA:25,0
DA:26,0
DA:27,0
DA:29,0
DA:38,0
DA:39,0
DA:40,0
DA:41,0
DA:42,0
DA:44,0
DA:47,0
DA:49,0
DA:52,0
DA:53,0
DA:55,0
DA:57,0
DA:60,0
DA:64,0
DA:65,0
DA:66,0
DA:68,0
DA:69,0
DA:72,0
DA:76,0
DA:77,0
DA:79,0
DA:81,0
DA:83,0
DA:85,0
DA:88,0
DA:89,0
DA:91,0
DA:92,0
DA:94,0
DA:96,0
DA:97,0
DA:98,0
DA:100,0
DA:101,0
DA:104,0
DA:105,0
DA:107,0
DA:111,0
DA:112,0
DA:113,0
DA:114,0
DA:117,0
DA:118,0
DA:121,0
DA:130,0
DA:131,0
DA:134,0
LF:58
LH:0
BRDA:16,0,0,0
BRDA:16,0,1,0
BRDA:40,1,0,0
BRDA:40,1,1,0
BRDA:79,2,0,0
BRDA:79,2,1,0
BRDA:91,3,0,0
BRDA:91,3,1,0
BRDA:96,4,0,0
BRDA:96,4,1,0
BRF:10
BRH:0
end_of_record
TN:
SF:src/controllers/orderController.js
FN:12,(anonymous_0)
FN:13,(anonymous_1)
FN:13,(anonymous_2)
FN:14,(anonymous_3)
FN:14,(anonymous_4)
FN:15,(anonymous_5)
FN:15,(anonymous_6)
FN:20,orderController
FN:22,(anonymous_8)
FN:27,(anonymous_9)
FN:31,(anonymous_10)
FN:46,(anonymous_11)
FN:49,(anonymous_12)
FN:77,(anonymous_13)
FN:91,(anonymous_14)
FN:94,(anonymous_15)
FN:96,(anonymous_16)
FN:102,(anonymous_17)
FN:105,(anonymous_18)
FN:107,(anonymous_19)
FN:118,(anonymous_20)
FN:121,(anonymous_21)
FN:123,(anonymous_22)
FN:124,(anonymous_23)
FN:127,(anonymous_24)
FN:139,(anonymous_25)
FN:140,(anonymous_26)
FN:144,(anonymous_27)
FN:148,(anonymous_28)
FN:148,(anonymous_29)
FNF:30
FNH:0
FNDA:0,(anonymous_0)
FNDA:0,(anonymous_1)
FNDA:0,(anonymous_2)
FNDA:0,(anonymous_3)
FNDA:0,(anonymous_4)
FNDA:0,(anonymous_5)
FNDA:0,(anonymous_6)
FNDA:0,orderController
FNDA:0,(anonymous_8)
FNDA:0,(anonymous_9)
FNDA:0,(anonymous_10)
FNDA:0,(anonymous_11)
FNDA:0,(anonymous_12)
FNDA:0,(anonymous_13)
FNDA:0,(anonymous_14)
FNDA:0,(anonymous_15)
FNDA:0,(anonymous_16)
FNDA:0,(anonymous_17)
FNDA:0,(anonymous_18)
FNDA:0,(anonymous_19)
FNDA:0,(anonymous_20)
FNDA:0,(anonymous_21)
FNDA:0,(anonymous_22)
FNDA:0,(anonymous_23)
FNDA:0,(anonymous_24)
FNDA:0,(anonymous_25)
FNDA:0,(anonymous_26)
FNDA:0,(anonymous_27)
FNDA:0,(anonymous_28)
FNDA:0,(anonymous_29)
DA:12,0
DA:13,0
DA:14,0
DA:15,0
DA:17,0
DA:22,0
DA:23,0
DA:26,0
DA:27,0
DA:31,0
DA:32,0
DA:33,0
DA:35,0
DA:46,0
DA:49,0
DA:50,0
DA:60,0
DA:68,0
DA:79,0
DA:88,0
DA:89,0
DA:91,0
DA:94,0
DA:95,0
DA:97,0
DA:98,0
DA:100,0
DA:102,0
DA:105,0
DA:106,0
DA:108,0
DA:109,0
DA:111,0
DA:112,0
DA:113,0
DA:115,0
DA:118,0
DA:121,0
DA:122,0
DA:123,0
DA:124,0
DA:127,0
DA:128,0
DA:130,0
DA:139,0
DA:140,0
DA:144,0
DA:145,0
DA:146,0
DA:148,0
DA:150,0
LF:51
LH:0
BRDA:27,0,0,0
BRDA:27,0,1,0
BRDA:97,1,0,0
BRDA:97,1,1,0
BRDA:108,2,0,0
BRDA:108,2,1,0
BRDA:111,3,0,0
BRDA:111,3,1,0
BRF:8
BRH:0
end_of_record
TN:
SF:src/controllers/paymentController.js
FN:6,paymentController
FN:8,(anonymous_1)
FN:22,(anonymous_2)
FN:23,(anonymous_3)
FN:26,(anonymous_4)
FN:29,(anonymous_5)
FN:36,(anonymous_6)
FN:38,(anonymous_7)
FN:49,(anonymous_8)
FN:78,(anonymous_9)
FNF:10
FNH:0
FNDA:0,paymentController
FNDA:0,(anonymous_1)
FNDA:0,(anonymous_2)
FNDA:0,(anonymous_3)
FNDA:0,(anonymous_4)
FNDA:0,(anonymous_5)
FNDA:0,(anonymous_6)
FNDA:0,(anonymous_7)
FNDA:0,(anonymous_8)
FNDA:0,(anonymous_9)
DA:8,0
DA:9,0
DA:12,0
DA:14,0
DA:22,0
DA:23,0
DA:26,0
DA:27,0
DA:30,0
DA:32,0
DA:34,0
DA:36,0
DA:38,0
DA:39,0
DA:41,0
DA:42,0
DA:43,0
DA:75,0
DA:78,0
DA:81,0
LF:20
LH:0
BRDA:30,0,0,0
BRDA:30,0,1,0
BRF:2
BRH:0
end_of_record
TN:
SF:src/controllers/productController.js
FN:7,productController
FN:9,(anonymous_1)
FN:23,(anonymous_2)
FN:24,(anonymous_3)
FN:31,(anonymous_4)
FN:35,(anonymous_5)
FN:42,(anonymous_6)
FN:45,(anonymous_7)
FN:47,(anonymous_8)
FN:54,(anonymous_9)
FN:57,(anonymous_10)
FN:59,(anonymous_11)
FN:60,(anonymous_12)
FN:63,(anonymous_13)
FN:75,(anonymous_14)
FN:76,(anonymous_15)
FNF:16
FNH:0
FNDA:0,productController
FNDA:0,(anonymous_1)
FNDA:0,(anonymous_2)
FNDA:0,(anonymous_3)
FNDA:0,(anonymous_4)
FNDA:0,(anonymous_5)
FNDA:0,(anonymous_6)
FNDA:0,(anonymous_7)
FNDA:0,(anonymous_8)
FNDA:0,(anonymous_9)
FNDA:0,(anonymous_10)
FNDA:0,(anonymous_11)
FNDA:0,(anonymous_12)
FNDA:0,(anonymous_13)
FNDA:0,(anonymous_14)
FNDA:0,(anonymous_15)
DA:9,0
DA:10,0
DA:13,0
DA:15,0
DA:23,0
DA:24,0
DA:31,0
DA:34,0
DA:36,0
DA:38,0
DA:40,0
DA:42,0
DA:45,0
DA:46,0
DA:48,0
DA:50,0
DA:52,0
DA:54,0
DA:57,0
DA:58,0
DA:59,0
DA:60,0
DA:63,0
DA:64,0
DA:67,0
DA:75,0
DA:76,0
DA:80,0
LF:28
LH:0
BRDA:36,0,0,0
BRDA:36,0,1,0
BRDA:48,1,0,0
BRDA:48,1,1,0
BRF:4
BRH:0
end_of_record
TN:
SF:src/controllers/statusController.js
FN:7,statusController
FN:9,(anonymous_1)
FN:20,(anonymous_2)
FN:21,(anonymous_3)
FN:28,(anonymous_4)
FN:32,(anonymous_5)
FN:39,(anonymous_6)
FN:42,(anonymous_7)
FN:44,(anonymous_8)
FN:51,(anonymous_9)
FN:54,(anonymous_10)
FN:56,(anonymous_11)
FN:57,(anonymous_12)
FN:60,(anonymous_13)
FN:70,(anonymous_14)
FN:71,(anonymous_15)
FNF:16
FNH:0
FNDA:0,statusController
FNDA:0,(anonymous_1)
FNDA:0,(anonymous_2)
FNDA:0,(anonymous_3)
FNDA:0,(anonymous_4)
FNDA:0,(anonymous_5)
FNDA:0,(anonymous_6)
FNDA:0,(anonymous_7)
FNDA:0,(anonymous_8)
FNDA:0,(anonymous_9)
FNDA:0,(anonymous_10)
FNDA:0,(anonymous_11)
FNDA:0,(anonymous_12)
FNDA:0,(anonymous_13)
FNDA:0,(anonymous_14)
FNDA:0,(anonymous_15)
DA:9,0
DA:10,0
DA:13,0
DA:15,0
DA:20,0
DA:21,0
DA:28,0
DA:31,0
DA:33,0
DA:35,0
DA:37,0
DA:39,0
DA:42,0
DA:43,0
DA:45,0
DA:47,0
DA:49,0
DA:51,0
DA:54,0
DA:55,0
DA:56,0
DA:57,0
DA:60,0
DA:61,0
DA:64,0
DA:70,0
DA:71,0
DA:75,0
LF:28
LH:0
BRDA:33,0,0,0
BRDA:33,0,1,0
BRDA:45,1,0,0
BRDA:45,1,1,0
BRF:4
BRH:0
end_of_record
TN:
SF:src/controllers/webhookController.js
FN:6,(anonymous_0)
FN:23,(anonymous_1)
FN:25,(anonymous_2)
FN:29,webhookController
FN:30,(anonymous_4)
FN:39,(anonymous_5)
FN:42,(anonymous_6)
FNF:7
FNH:0
FNDA:0,(anonymous_0)
FNDA:0,(anonymous_1)
FNDA:0,(anonymous_2)
FNDA:0,webhookController
FNDA:0,(anonymous_4)
FNDA:0,(anonymous_5)
FNDA:0,(anonymous_6)
DA:6,0
DA:7,0
DA:8,0
DA:14,0
DA:15,0
DA:23,0
DA:24,0
DA:25,0
DA:26,0
DA:30,0
DA:31,0
DA:33,0
DA:34,0
DA:35,0
DA:37,0
DA:38,0
DA:40,0
DA:42,0
DA:45,0
DA:46,0
DA:47,0
DA:50,0
DA:54,0
LF:23
LH:0
BRDA:7,0,0,0
BRDA:7,0,1,0
BRDA:7,1,0,0
BRDA:7,1,1,0
BRDA:14,2,0,0
BRDA:14,2,1,0
BRDA:14,3,0,0
BRDA:14,3,1,0
BRDA:35,4,0,0
BRDA:35,4,1,0
BRDA:37,5,0,0
BRDA:37,5,1,0
BRDA:37,6,0,0
BRDA:37,6,1,0
BRDA:45,7,0,0
BRDA:45,7,1,0
BRDA:45,8,0,0
BRDA:45,8,1,0
BRF:18
BRH:0
end_of_record
TN:
SF:src/db/database/mySql/repositories/categoryRepositoryMySqlDB.js
FN:3,categoryRepositoryMySqlDB
FN:6,(anonymous_1)
FN:7,(anonymous_2)
FN:9,(anonymous_3)
FN:15,(anonymous_4)
FN:18,(anonymous_5)
FN:22,(anonymous_6)
FN:25,(anonymous_7)
FN:40,(anonymous_8)
FN:41,(anonymous_9)
FN:44,(anonymous_10)
FN:50,(anonymous_11)
FN:53,(anonymous_12)
FN:57,(anonymous_13)
FN:60,(anonymous_14)
FN:72,(anonymous_15)
FN:73,(anonymous_16)
FN:75,(anonymous_17)
FN:81,(anonymous_18)
FN:84,(anonymous_19)
FN:88,(anonymous_20)
FN:91,(anonymous_21)
FN:104,(anonymous_22)
FN:105,(anonymous_23)
FN:107,(anonymous_24)
FN:113,(anonymous_25)
FN:116,(anonymous_26)
FN:120,(anonymous_27)
FN:123,(anonymous_28)
FN:156,(anonymous_29)
FN:157,(anonymous_30)
FN:159,(anonymous_31)
FN:165,(anonymous_32)
FN:168,(anonymous_33)
FN:172,(anonymous_34)
FN:175,(anonymous_35)
FNF:36
FNH:0
FNDA:0,categoryRepositoryMySqlDB
FNDA:0,(anonymous_1)
FNDA:0,(anonymous_2)
FNDA:0,(anonymous_3)
FNDA:0,(anonymous_4)
FNDA:0,(anonymous_5)
FNDA:0,(anonymous_6)
FNDA:0,(anonymous_7)
FNDA:0,(anonymous_8)
FNDA:0,(anonymous_9)
FNDA:0,(anonymous_10)
FNDA:0,(anonymous_11)
FNDA:0,(anonymous_12)
FNDA:0,(anonymous_13)
FNDA:0,(anonymous_14)
FNDA:0,(anonymous_15)
FNDA:0,(anonymous_16)
FNDA:0,(anonymous_17)
FNDA:0,(anonymous_18)
FNDA:0,(anonymous_19)
FNDA:0,(anonymous_20)
FNDA:0,(anonymous_21)
FNDA:0,(anonymous_22)
FNDA:0,(anonymous_23)
FNDA:0,(anonymous_24)
FNDA:0,(anonymous_25)
FNDA:0,(anonymous_26)
FNDA:0,(anonymous_27)
FNDA:0,(anonymous_28)
FNDA:0,(anonymous_29)
FNDA:0,(anonymous_30)
FNDA:0,(anonymous_31)
FNDA:0,(anonymous_32)
FNDA:0,(anonymous_33)
FNDA:0,(anonymous_34)
FNDA:0,(anonymous_35)
DA:6,0
DA:7,0
DA:9,0
DA:10,0
DA:11,0
DA:14,0
DA:15,0
DA:16,0
DA:18,0
DA:22,0
DA:23,0
DA:25,0
DA:29,0
DA:30,0
DA:31,0
DA:32,0
DA:40,0
DA:41,0
DA:44,0
DA:45,0
DA:46,0
DA:49,0
DA:50,0
DA:51,0
DA:53,0
DA:57,0
DA:58,0
DA:60,0
DA:64,0
DA:72,0
DA:73,0
DA:75,0
DA:76,0
DA:77,0
DA:80,0
DA:81,0
DA:82,0
DA:84,0
DA:88,0
DA:89,0
DA:91,0
DA:95,0
DA:104,0
DA:105,0
DA:107,0
DA:108,0
DA:109,0
DA:112,0
DA:113,0
DA:114,0
DA:116,0
DA:120,0
DA:121,0
DA:123,0
DA:126,0
DA:156,0
DA:157,0
DA:159,0
DA:160,0
DA:161,0
DA:164,0
DA:165,0
DA:166,0
DA:168,0
DA:172,0
DA:173,0
DA:175,0
DA:178,0
DA:179,0
DA:180,0
DA:181,0
DA:183,0
DA:184,0
DA:185,0
DA:188,0
DA:196,0
LF:76
LH:0
BRDA:10,0,0,0
BRDA:10,0,1,0
BRDA:16,1,0,0
BRDA:16,1,1,0
BRDA:23,2,0,0
BRDA:23,2,1,0
BRDA:45,3,0,0
BRDA:45,3,1,0
BRDA:51,4,0,0
BRDA:51,4,1,0
BRDA:58,5,0,0
BRDA:58,5,1,0
BRDA:76,6,0,0
BRDA:76,6,1,0
BRDA:82,7,0,0
BRDA:82,7,1,0
BRDA:89,8,0,0
BRDA:89,8,1,0
BRDA:108,9,0,0
BRDA:108,9,1,0
BRDA:114,10,0,0
BRDA:114,10,1,0
BRDA:121,11,0,0
BRDA:121,11,1,0
BRDA:160,12,0,0
BRDA:160,12,1,0
BRDA:166,13,0,0
BRDA:166,13,1,0
BRDA:173,14,0,0
BRDA:173,14,1,0
BRDA:183,15,0,0
BRDA:183,15,1,0
BRF:32
BRH:0
end_of_record
TN:
SF:src/db/database/mySql/repositories/customerRepositoryMySqlDB.js
FN:2,customerRepositoryMySqlDB
FN:4,(anonymous_1)
FN:5,(anonymous_2)
FN:7,(anonymous_3)
FN:13,(anonymous_4)
FN:16,(anonymous_5)
FN:20,(anonymous_6)
FN:23,(anonymous_7)
FN:38,(anonymous_8)
FN:39,(anonymous_9)
FN:42,(anonymous_10)
FN:48,(anonymous_11)
FN:51,(anonymous_12)
FN:55,(anonymous_13)
FN:58,(anonymous_14)
FN:69,(anonymous_15)
FN:70,(anonymous_16)
FN:72,(anonymous_17)
FN:78,(anonymous_18)
FN:81,(anonymous_19)
FN:85,(anonymous_20)
FN:88,(anonymous_21)
FN:100,(anonymous_22)
FN:101,(anonymous_23)
FN:103,(anonymous_24)
FN:109,(anonymous_25)
FN:112,(anonymous_26)
FN:116,(anonymous_27)
FN:119,(anonymous_28)
FN:131,(anonymous_29)
FN:132,(anonymous_30)
FN:134,(anonymous_31)
FN:140,(anonymous_32)
FN:143,(anonymous_33)
FN:147,(anonymous_34)
FN:150,(anonymous_35)
FN:161,(anonymous_36)
FN:162,(anonymous_37)
FN:164,(anonymous_38)
FN:170,(anonymous_39)
FN:173,(anonymous_40)
FN:177,(anonymous_41)
FN:180,(anonymous_42)
FNF:43
FNH:0
FNDA:0,customerRepositoryMySqlDB
FNDA:0,(anonymous_1)
FNDA:0,(anonymous_2)
FNDA:0,(anonymous_3)
FNDA:0,(anonymous_4)
FNDA:0,(anonymous_5)
FNDA:0,(anonymous_6)
FNDA:0,(anonymous_7)
FNDA:0,(anonymous_8)
FNDA:0,(anonymous_9)
FNDA:0,(anonymous_10)
FNDA:0,(anonymous_11)
FNDA:0,(anonymous_12)
FNDA:0,(anonymous_13)
FNDA:0,(anonymous_14)
FNDA:0,(anonymous_15)
FNDA:0,(anonymous_16)
FNDA:0,(anonymous_17)
FNDA:0,(anonymous_18)
FNDA:0,(anonymous_19)
FNDA:0,(anonymous_20)
FNDA:0,(anonymous_21)
FNDA:0,(anonymous_22)
FNDA:0,(anonymous_23)
FNDA:0,(anonymous_24)
FNDA:0,(anonymous_25)
FNDA:0,(anonymous_26)
FNDA:0,(anonymous_27)
FNDA:0,(anonymous_28)
FNDA:0,(anonymous_29)
FNDA:0,(anonymous_30)
FNDA:0,(anonymous_31)
FNDA:0,(anonymous_32)
FNDA:0,(anonymous_33)
FNDA:0,(anonymous_34)
FNDA:0,(anonymous_35)
FNDA:0,(anonymous_36)
FNDA:0,(anonymous_37)
FNDA:0,(anonymous_38)
FNDA:0,(anonymous_39)
FNDA:0,(anonymous_40)
FNDA:0,(anonymous_41)
FNDA:0,(anonymous_42)
DA:4,0
DA:5,0
DA:7,0
DA:8,0
DA:9,0
DA:12,0
DA:13,0
DA:14,0
DA:16,0
DA:20,0
DA:21,0
DA:23,0
DA:26,0
DA:27,0
DA:28,0
DA:29,0
DA:30,0
DA:31,0
DA:38,0
DA:39,0
DA:42,0
DA:43,0
DA:44,0
DA:47,0
DA:48,0
DA:49,0
DA:51,0
DA:55,0
DA:56,0
DA:58,0
DA:62,0
DA:69,0
DA:70,0
DA:72,0
DA:73,0
DA:74,0
DA:77,0
DA:78,0
DA:79,0
DA:81,0
DA:85,0
DA:86,0
DA:88,0
DA:92,0
DA:100,0
DA:101,0
DA:103,0
DA:104,0
DA:105,0
DA:108,0
DA:109,0
DA:110,0
DA:112,0
DA:116,0
DA:117,0
DA:119,0
DA:123,0
DA:131,0
DA:132,0
DA:134,0
DA:135,0
DA:136,0
DA:139,0
DA:140,0
DA:141,0
DA:143,0
DA:147,0
DA:148,0
DA:150,0
DA:153,0
DA:161,0
DA:162,0
DA:164,0
DA:165,0
DA:166,0
DA:169,0
DA:170,0
DA:171,0
DA:173,0
DA:177,0
DA:178,0
DA:180,0
DA:183,0
DA:184,0
DA:185,0
DA:186,0
DA:187,0
DA:188,0
DA:190,0
DA:191,0
DA:192,0
DA:195,0
DA:202,0
LF:93
LH:0
BRDA:8,0,0,0
BRDA:8,0,1,0
BRDA:14,1,0,0
BRDA:14,1,1,0
BRDA:21,2,0,0
BRDA:21,2,1,0
BRDA:43,3,0,0
BRDA:43,3,1,0
BRDA:49,4,0,0
BRDA:49,4,1,0
BRDA:56,5,0,0
BRDA:56,5,1,0
BRDA:73,6,0,0
BRDA:73,6,1,0
BRDA:79,7,0,0
BRDA:79,7,1,0
BRDA:86,8,0,0
BRDA:86,8,1,0
BRDA:104,9,0,0
BRDA:104,9,1,0
BRDA:110,10,0,0
BRDA:110,10,1,0
BRDA:117,11,0,0
BRDA:117,11,1,0
BRDA:135,12,0,0
BRDA:135,12,1,0
BRDA:141,13,0,0
BRDA:141,13,1,0
BRDA:148,14,0,0
BRDA:148,14,1,0
BRDA:165,15,0,0
BRDA:165,15,1,0
BRDA:171,16,0,0
BRDA:171,16,1,0
BRDA:178,17,0,0
BRDA:178,17,1,0
BRDA:190,18,0,0
BRDA:190,18,1,0
BRF:38
BRH:0
end_of_record
TN:
SF:src/db/database/mySql/repositories/orderRepositoryMySqlDB.js
FN:3,orderRepositoryMongoDB
FN:4,(anonymous_1)
FN:5,(anonymous_2)
FN:7,(anonymous_3)
FN:13,(anonymous_4)
FN:16,(anonymous_5)
FN:19,(anonymous_6)
FN:26,(anonymous_7)
FN:26,(anonymous_8)
FN:29,(anonymous_9)
FN:33,(anonymous_10)
FN:36,(anonymous_11)
FN:50,(anonymous_12)
FN:51,(anonymous_13)
FN:54,(anonymous_14)
FN:60,(anonymous_15)
FN:63,(anonymous_16)
FN:67,(anonymous_17)
FN:70,(anonymous_18)
FN:82,(anonymous_19)
FN:83,(anonymous_20)
FN:85,(anonymous_21)
FN:91,(anonymous_22)
FN:94,(anonymous_23)
FN:98,(anonymous_24)
FN:101,(anonymous_25)
FN:113,(anonymous_26)
FN:114,(anonymous_27)
FN:116,(anonymous_28)
FN:122,(anonymous_29)
FN:125,(anonymous_30)
FN:129,(anonymous_31)
FN:132,(anonymous_32)
FN:142,(anonymous_33)
FN:143,(anonymous_34)
FN:145,(anonymous_35)
FN:151,(anonymous_36)
FN:154,(anonymous_37)
FN:158,(anonymous_38)
FN:161,(anonymous_39)
FN:181,(anonymous_40)
FN:182,(anonymous_41)
FN:184,(anonymous_42)
FN:190,(anonymous_43)
FN:193,(anonymous_44)
FN:197,(anonymous_45)
FN:200,(anonymous_46)
FNF:47
FNH:0
FNDA:0,orderRepositoryMongoDB
FNDA:0,(anonymous_1)
FNDA:0,(anonymous_2)
FNDA:0,(anonymous_3)
FNDA:0,(anonymous_4)
FNDA:0,(anonymous_5)
FNDA:0,(anonymous_6)
FNDA:0,(anonymous_7)
FNDA:0,(anonymous_8)
FNDA:0,(anonymous_9)
FNDA:0,(anonymous_10)
FNDA:0,(anonymous_11)
FNDA:0,(anonymous_12)
FNDA:0,(anonymous_13)
FNDA:0,(anonymous_14)
FNDA:0,(anonymous_15)
FNDA:0,(anonymous_16)
FNDA:0,(anonymous_17)
FNDA:0,(anonymous_18)
FNDA:0,(anonymous_19)
FNDA:0,(anonymous_20)
FNDA:0,(anonymous_21)
FNDA:0,(anonymous_22)
FNDA:0,(anonymous_23)
FNDA:0,(anonymous_24)
FNDA:0,(anonymous_25)
FNDA:0,(anonymous_26)
FNDA:0,(anonymous_27)
FNDA:0,(anonymous_28)
FNDA:0,(anonymous_29)
FNDA:0,(anonymous_30)
FNDA:0,(anonymous_31)
FNDA:0,(anonymous_32)
FNDA:0,(anonymous_33)
FNDA:0,(anonymous_34)
FNDA:0,(anonymous_35)
FNDA:0,(anonymous_36)
FNDA:0,(anonymous_37)
FNDA:0,(anonymous_38)
FNDA:0,(anonymous_39)
FNDA:0,(anonymous_40)
FNDA:0,(anonymous_41)
FNDA:0,(anonymous_42)
FNDA:0,(anonymous_43)
FNDA:0,(anonymous_44)
FNDA:0,(anonymous_45)
FNDA:0,(anonymous_46)
DA:4,0
DA:5,0
DA:7,0
DA:8,0
DA:9,0
DA:12,0
DA:13,0
DA:16,0
DA:17,0
DA:19,0
DA:22,0
DA:25,0
DA:26,0
DA:27,0
DA:29,0
DA:33,0
DA:34,0
DA:36,0
DA:41,0
DA:50,0
DA:51,0
DA:54,0
DA:55,0
DA:56,0
DA:59,0
DA:60,0
DA:61,0
DA:63,0
DA:67,0
DA:68,0
DA:70,0
DA:74,0
DA:82,0
DA:83,0
DA:85,0
DA:86,0
DA:87,0
DA:90,0
DA:91,0
DA:92,0
DA:94,0
DA:98,0
DA:99,0
DA:101,0
DA:105,0
DA:113,0
DA:114,0
DA:116,0
DA:117,0
DA:118,0
DA:121,0
DA:122,0
DA:123,0
DA:125,0
DA:129,0
DA:130,0
DA:132,0
DA:135,0
DA:142,0
DA:143,0
DA:145,0
DA:146,0
DA:147,0
DA:150,0
DA:151,0
DA:152,0
DA:154,0
DA:158,0
DA:159,0
DA:161,0
DA:165,0
DA:166,0
DA:167,0
DA:169,0
DA:170,0
DA:171,0
DA:174,0
DA:181,0
DA:182,0
DA:184,0
DA:185,0
DA:186,0
DA:189,0
DA:190,0
DA:191,0
DA:193,0
DA:197,0
DA:198,0
DA:200,0
DA:203,0
DA:204,0
DA:206,0
DA:207,0
DA:208,0
DA:211,0
DA:218,0
LF:96
LH:0
BRDA:8,0,0,0
BRDA:8,0,1,0
BRDA:17,1,0,0
BRDA:17,1,1,0
BRDA:27,2,0,0
BRDA:27,2,1,0
BRDA:34,3,0,0
BRDA:34,3,1,0
BRDA:55,4,0,0
BRDA:55,4,1,0
BRDA:61,5,0,0
BRDA:61,5,1,0
BRDA:68,6,0,0
BRDA:68,6,1,0
BRDA:86,7,0,0
BRDA:86,7,1,0
BRDA:92,8,0,0
BRDA:92,8,1,0
BRDA:99,9,0,0
BRDA:99,9,1,0
BRDA:117,10,0,0
BRDA:117,10,1,0
BRDA:123,11,0,0
BRDA:123,11,1,0
BRDA:130,12,0,0
BRDA:130,12,1,0
BRDA:146,13,0,0
BRDA:146,13,1,0
BRDA:152,14,0,0
BRDA:152,14,1,0
BRDA:159,15,0,0
BRDA:159,15,1,0
BRDA:169,16,0,0
BRDA:169,16,1,0
BRDA:185,17,0,0
BRDA:185,17,1,0
BRDA:191,18,0,0
BRDA:191,18,1,0
BRDA:198,19,0,0
BRDA:198,19,1,0
BRDA:206,20,0,0
BRDA:206,20,1,0
BRF:42
BRH:0
end_of_record
TN:
SF:src/db/database/mySql/repositories/paymentRepositoryMySqlDB.js
FN:3,paymentRepositoryMongoDB
FNF:1
FNH:0
FNDA:0,paymentRepositoryMongoDB
DA:4,0
LF:1
LH:0
BRF:0
BRH:0
end_of_record
TN:
SF:src/db/database/mySql/repositories/productRepositoryMySqlDB.js
FN:3,productRepositoryMySqlDB
FN:5,(anonymous_1)
FN:6,(anonymous_2)
FN:8,(anonymous_3)
FN:14,(anonymous_4)
FN:17,(anonymous_5)
FN:21,(anonymous_6)
FN:24,(anonymous_7)
FN:41,(anonymous_8)
FN:42,(anonymous_9)
FN:45,(anonymous_10)
FN:51,(anonymous_11)
FN:54,(anonymous_12)
FN:58,(anonymous_13)
FN:61,(anonymous_14)
FN:73,(anonymous_15)
FN:74,(anonymous_16)
FN:76,(anonymous_17)
FN:82,(anonymous_18)
FN:85,(anonymous_19)
FN:89,(anonymous_20)
FN:92,(anonymous_21)
FN:104,(anonymous_22)
FN:105,(anonymous_23)
FN:107,(anonymous_24)
FN:113,(anonymous_25)
FN:116,(anonymous_26)
FN:120,(anonymous_27)
FN:123,(anonymous_28)
FN:133,(anonymous_29)
FN:134,(anonymous_30)
FN:136,(anonymous_31)
FN:142,(anonymous_32)
FN:145,(anonymous_33)
FN:149,(anonymous_34)
FN:152,(anonymous_35)
FNF:36
FNH:0
FNDA:0,productRepositoryMySqlDB
FNDA:0,(anonymous_1)
FNDA:0,(anonymous_2)
FNDA:0,(anonymous_3)
FNDA:0,(anonymous_4)
FNDA:0,(anonymous_5)
FNDA:0,(anonymous_6)
FNDA:0,(anonymous_7)
FNDA:0,(anonymous_8)
FNDA:0,(anonymous_9)
FNDA:0,(anonymous_10)
FNDA:0,(anonymous_11)
FNDA:0,(anonymous_12)
FNDA:0,(anonymous_13)
FNDA:0,(anonymous_14)
FNDA:0,(anonymous_15)
FNDA:0,(anonymous_16)
FNDA:0,(anonymous_17)
FNDA:0,(anonymous_18)
FNDA:0,(anonymous_19)
FNDA:0,(anonymous_20)
FNDA:0,(anonymous_21)
FNDA:0,(anonymous_22)
FNDA:0,(anonymous_23)
FNDA:0,(anonymous_24)
FNDA:0,(anonymous_25)
FNDA:0,(anonymous_26)
FNDA:0,(anonymous_27)
FNDA:0,(anonymous_28)
FNDA:0,(anonymous_29)
FNDA:0,(anonymous_30)
FNDA:0,(anonymous_31)
FNDA:0,(anonymous_32)
FNDA:0,(anonymous_33)
FNDA:0,(anonymous_34)
FNDA:0,(anonymous_35)
DA:5,0
DA:6,0
DA:8,0
DA:9,0
DA:10,0
DA:13,0
DA:14,0
DA:15,0
DA:17,0
DA:21,0
DA:22,0
DA:24,0
DA:28,0
DA:29,0
DA:30,0
DA:31,0
DA:32,0
DA:33,0
DA:41,0
DA:42,0
DA:45,0
DA:46,0
DA:47,0
DA:50,0
DA:51,0
DA:52,0
DA:54,0
DA:58,0
DA:59,0
DA:61,0
DA:65,0
DA:73,0
DA:74,0
DA:76,0
DA:77,0
DA:78,0
DA:81,0
DA:82,0
DA:83,0
DA:85,0
DA:89,0
DA:90,0
DA:92,0
DA:96,0
DA:104,0
DA:105,0
DA:107,0
DA:108,0
DA:109,0
DA:112,0
DA:113,0
DA:114,0
DA:116,0
DA:120,0
DA:121,0
DA:123,0
DA:126,0
DA:133,0
DA:134,0
DA:136,0
DA:137,0
DA:138,0
DA:141,0
DA:142,0
DA:143,0
DA:145,0
DA:149,0
DA:150,0
DA:152,0
DA:155,0
DA:156,0
DA:157,0
DA:158,0
DA:159,0
DA:160,0
DA:162,0
DA:163,0
DA:164,0
DA:167,0
DA:174,0
LF:80
LH:0
BRDA:9,0,0,0
BRDA:9,0,1,0
BRDA:15,1,0,0
BRDA:15,1,1,0
BRDA:22,2,0,0
BRDA:22,2,1,0
BRDA:46,3,0,0
BRDA:46,3,1,0
BRDA:52,4,0,0
BRDA:52,4,1,0
BRDA:59,5,0,0
BRDA:59,5,1,0
BRDA:77,6,0,0
BRDA:77,6,1,0
BRDA:83,7,0,0
BRDA:83,7,1,0
BRDA:90,8,0,0
BRDA:90,8,1,0
BRDA:108,9,0,0
BRDA:108,9,1,0
BRDA:114,10,0,0
BRDA:114,10,1,0
BRDA:121,11,0,0
BRDA:121,11,1,0
BRDA:137,12,0,0
BRDA:137,12,1,0
BRDA:143,13,0,0
BRDA:143,13,1,0
BRDA:150,14,0,0
BRDA:150,14,1,0
BRDA:162,15,0,0
BRDA:162,15,1,0
BRF:32
BRH:0
end_of_record
TN:
SF:src/db/database/mySql/repositories/statusRepositoryMySqlDB.js
FN:3,statusRepositoryMySqlDB
FN:5,(anonymous_1)
FN:7,(anonymous_2)
FN:9,(anonymous_3)
FN:15,(anonymous_4)
FN:18,(anonymous_5)
FN:22,(anonymous_6)
FN:25,(anonymous_7)
FN:40,(anonymous_8)
FN:41,(anonymous_9)
FN:44,(anonymous_10)
FN:50,(anonymous_11)
FN:53,(anonymous_12)
FN:57,(anonymous_13)
FN:60,(anonymous_14)
FN:72,(anonymous_15)
FN:73,(anonymous_16)
FN:75,(anonymous_17)
FN:81,(anonymous_18)
FN:84,(anonymous_19)
FN:88,(anonymous_20)
FN:91,(anonymous_21)
FN:102,(anonymous_22)
FN:103,(anonymous_23)
FN:105,(anonymous_24)
FN:111,(anonymous_25)
FN:114,(anonymous_26)
FN:118,(anonymous_27)
FN:121,(anonymous_28)
FN:143,(anonymous_29)
FN:144,(anonymous_30)
FN:146,(anonymous_31)
FN:152,(anonymous_32)
FN:155,(anonymous_33)
FN:159,(anonymous_34)
FN:162,(anonymous_35)
FNF:36
FNH:0
FNDA:0,statusRepositoryMySqlDB
FNDA:0,(anonymous_1)
FNDA:0,(anonymous_2)
FNDA:0,(anonymous_3)
FNDA:0,(anonymous_4)
FNDA:0,(anonymous_5)
FNDA:0,(anonymous_6)
FNDA:0,(anonymous_7)
FNDA:0,(anonymous_8)
FNDA:0,(anonymous_9)
FNDA:0,(anonymous_10)
FNDA:0,(anonymous_11)
FNDA:0,(anonymous_12)
FNDA:0,(anonymous_13)
FNDA:0,(anonymous_14)
FNDA:0,(anonymous_15)
FNDA:0,(anonymous_16)
FNDA:0,(anonymous_17)
FNDA:0,(anonymous_18)
FNDA:0,(anonymous_19)
FNDA:0,(anonymous_20)
FNDA:0,(anonymous_21)
FNDA:0,(anonymous_22)
FNDA:0,(anonymous_23)
FNDA:0,(anonymous_24)
FNDA:0,(anonymous_25)
FNDA:0,(anonymous_26)
FNDA:0,(anonymous_27)
FNDA:0,(anonymous_28)
FNDA:0,(anonymous_29)
FNDA:0,(anonymous_30)
FNDA:0,(anonymous_31)
FNDA:0,(anonymous_32)
FNDA:0,(anonymous_33)
FNDA:0,(anonymous_34)
FNDA:0,(anonymous_35)
DA:5,0
DA:6,0
DA:7,0
DA:9,0
DA:10,0
DA:11,0
DA:14,0
DA:15,0
DA:16,0
DA:18,0
DA:22,0
DA:23,0
DA:25,0
DA:29,0
DA:30,0
DA:31,0
DA:32,0
DA:40,0
DA:41,0
DA:44,0
DA:45,0
DA:46,0
DA:49,0
DA:50,0
DA:51,0
DA:53,0
DA:57,0
DA:58,0
DA:60,0
DA:64,0
DA:72,0
DA:73,0
DA:75,0
DA:76,0
DA:77,0
DA:80,0
DA:81,0
DA:82,0
DA:84,0
DA:88,0
DA:89,0
DA:91,0
DA:95,0
DA:102,0
DA:103,0
DA:105,0
DA:106,0
DA:107,0
DA:110,0
DA:111,0
DA:112,0
DA:114,0
DA:118,0
DA:119,0
DA:121,0
DA:124,0
DA:143,0
DA:144,0
DA:146,0
DA:147,0
DA:148,0
DA:151,0
DA:152,0
DA:153,0
DA:155,0
DA:159,0
DA:160,0
DA:162,0
DA:166,0
DA:167,0
DA:168,0
DA:170,0
DA:171,0
DA:172,0
DA:175,0
DA:182,0
LF:76
LH:0
BRDA:10,0,0,0
BRDA:10,0,1,0
BRDA:16,1,0,0
BRDA:16,1,1,0
BRDA:23,2,0,0
BRDA:23,2,1,0
BRDA:45,3,0,0
BRDA:45,3,1,0
BRDA:51,4,0,0
BRDA:51,4,1,0
BRDA:58,5,0,0
BRDA:58,5,1,0
BRDA:76,6,0,0
BRDA:76,6,1,0
BRDA:82,7,0,0
BRDA:82,7,1,0
BRDA:89,8,0,0
BRDA:89,8,1,0
BRDA:106,9,0,0
BRDA:106,9,1,0
BRDA:112,10,0,0
BRDA:112,10,1,0
BRDA:119,11,0,0
BRDA:119,11,1,0
BRDA:147,12,0,0
BRDA:147,12,1,0
BRDA:153,13,0,0
BRDA:153,13,1,0
BRDA:160,14,0,0
BRDA:160,14,1,0
BRDA:170,15,0,0
BRDA:170,15,1,0
BRF:32
BRH:0
end_of_record
TN:
SF:src/entities/Category.js
FN:1,category
FN:8,(anonymous_1)
FN:9,(anonymous_2)
FN:10,(anonymous_3)
FN:11,(anonymous_4)
FNF:5
FNH:0
FNDA:0,category
FNDA:0,(anonymous_1)
FNDA:0,(anonymous_2)
FNDA:0,(anonymous_3)
FNDA:0,(anonymous_4)
DA:7,0
DA:8,0
DA:9,0
DA:10,0
DA:11,0
LF:5
LH:0
BRF:0
BRH:0
end_of_record
TN:
SF:src/entities/Customer.js
FN:1,customer
FN:10,(anonymous_1)
FN:11,(anonymous_2)
FN:12,(anonymous_3)
FN:13,(anonymous_4)
FN:14,(anonymous_5)
FN:15,(anonymous_6)
FNF:7
FNH:0
FNDA:0,customer
FNDA:0,(anonymous_1)
FNDA:0,(anonymous_2)
FNDA:0,(anonymous_3)
FNDA:0,(anonymous_4)
FNDA:0,(anonymous_5)
FNDA:0,(anonymous_6)
DA:9,0
DA:10,0
DA:11,0
DA:12,0
DA:13,0
DA:14,0
DA:15,0
LF:7
LH:0
BRF:0
BRH:0
end_of_record
TN:
SF:src/entities/Order.js
FN:1,order
FN:11,(anonymous_1)
FN:12,(anonymous_2)
FN:13,(anonymous_3)
FN:14,(anonymous_4)
FN:15,(anonymous_5)
FN:16,(anonymous_6)
FN:17,(anonymous_7)
FNF:8
FNH:0
FNDA:0,order
FNDA:0,(anonymous_1)
FNDA:0,(anonymous_2)
FNDA:0,(anonymous_3)
FNDA:0,(anonymous_4)
FNDA:0,(anonymous_5)
FNDA:0,(anonymous_6)
FNDA:0,(anonymous_7)
DA:10,0
DA:11,0
DA:12,0
DA:13,0
DA:14,0
DA:15,0
DA:16,0
DA:17,0
LF:8
LH:0
BRF:0
BRH:0
end_of_record
TN:
SF:src/entities/Payment.js
FN:1,payment
FN:9,(anonymous_1)
FN:10,(anonymous_2)
FN:11,(anonymous_3)
FN:12,(anonymous_4)
FN:13,(anonymous_5)
FNF:6
FNH:0
FNDA:0,payment
FNDA:0,(anonymous_1)
FNDA:0,(anonymous_2)
FNDA:0,(anonymous_3)
FNDA:0,(anonymous_4)
FNDA:0,(anonymous_5)
DA:8,0
DA:9,0
DA:10,0
DA:11,0
DA:12,0
DA:13,0
LF:6
LH:0
BRF:0
BRH:0
end_of_record
TN:
SF:src/entities/Product.js
FN:1,product
FN:10,(anonymous_1)
FN:11,(anonymous_2)
FN:12,(anonymous_3)
FN:13,(anonymous_4)
FN:14,(anonymous_5)
FN:15,(anonymous_6)
FNF:7
FNH:0
FNDA:0,product
FNDA:0,(anonymous_1)
FNDA:0,(anonymous_2)
FNDA:0,(anonymous_3)
FNDA:0,(anonymous_4)
FNDA:0,(anonymous_5)
FNDA:0,(anonymous_6)
DA:9,0
DA:10,0
DA:11,0
DA:12,0
DA:13,0
DA:14,0
DA:15,0
LF:7
LH:0
BRF:0
BRH:0
end_of_record
TN:
SF:src/entities/Status.js
FN:1,status
FN:8,(anonymous_1)
FN:9,(anonymous_2)
FN:10,(anonymous_3)
FN:11,(anonymous_4)
FNF:5
FNH:0
FNDA:0,status
FNDA:0,(anonymous_1)
FNDA:0,(anonymous_2)
FNDA:0,(anonymous_3)
FNDA:0,(anonymous_4)
DA:7,0
DA:8,0
DA:9,0
DA:10,0
DA:11,0
LF:5
LH:0
BRF:0
BRH:0
end_of_record
TN:
SF:src/qrcode/generateQrCode.js
FN:6,createTempLinkFromBase64
FN:24,(anonymous_1)
FN:25,(anonymous_2)
FNF:3
FNH:0
FNDA:0,createTempLinkFromBase64
FNDA:0,(anonymous_1)
FNDA:0,(anonymous_2)
DA:8,0
DA:11,0
DA:14,0
DA:17,0
DA:20,0
DA:22,0
DA:24,0
DA:25,0
DA:26,0
DA:27,0
DA:28,0
LF:11
LH:0
BRF:0
BRH:0
end_of_record
TN:
SF:src/use_cases/category/add.js
FN:6,createCategory
FNF:1
FNH:0
FNDA:0,createCategory
DA:4,0
DA:12,0
DA:13,0
DA:16,0
DA:18,0
DA:20,0
DA:22,0
LF:7
LH:0
BRDA:13,0,0,0
BRDA:13,0,1,0
BRDA:13,1,0,0
BRDA:13,1,1,0
BRF:4
BRH:0
end_of_record
TN:
SF:src/use_cases/category/deleteById.js
FN:5,deleteById
FN:6,(anonymous_1)
FNF:2
FNH:0
FNDA:0,deleteById
FNDA:0,(anonymous_1)
DA:3,0
DA:6,0
DA:8,0
DA:10,0
DA:12,0
LF:5
LH:0
BRDA:8,0,0,0
BRDA:8,0,1,0
BRDA:8,1,0,0
BRDA:8,1,1,0
BRF:4
BRH:0
end_of_record
TN:
SF:src/use_cases/category/findById.js
FN:5,findById
FNF:1
FNH:0
FNDA:0,findById
DA:3,0
DA:6,0
LF:2
LH:0
BRF:0
BRH:0
end_of_record
TN:
SF:src/use_cases/category/getAll.js
FN:4,getAllCategories
FNF:1
FNH:0
FNDA:0,getAllCategories
DA:3,0
DA:5,0
LF:2
LH:0
BRF:0
BRH:0
end_of_record
TN:
SF:src/use_cases/category/updateById.js
FN:6,updateById
FN:23,(anonymous_1)
FNF:2
FNH:0
FNDA:0,updateById
FNDA:0,(anonymous_1)
DA:4,0
DA:14,0
DA:15,0
DA:17,0
DA:23,0
DA:24,0
DA:26,0
DA:28,0
LF:8
LH:0
BRDA:14,0,0,0
BRDA:14,0,1,0
BRDA:14,1,0,0
BRDA:14,1,1,0
BRDA:24,2,0,0
BRDA:24,2,1,0
BRF:6
BRH:0
end_of_record
TN:
SF:src/use_cases/customer/add.js
FN:6,createCustomer
FNF:1
FNH:0
FNDA:0,createCustomer
DA:4,0
DA:15,0
DA:18,0
DA:22,0
DA:24,0
LF:5
LH:0
BRDA:15,0,0,0
BRDA:15,0,1,0
BRDA:15,1,0,0
BRDA:15,1,1,0
BRF:4
BRH:0
end_of_record
TN:
SF:src/use_cases/customer/authenticateUser.js
FN:3,authenticateCustomer
FNF:1
FNH:0
FNDA:0,authenticateCustomer
DA:6,0
LF:1
LH:0
BRF:0
BRH:0
end_of_record
TN:
SF:src/use_cases/customer/deleteById.js
FN:4,deleteById
FN:5,(anonymous_1)
FNF:2
FNH:0
FNDA:0,deleteById
FNDA:0,(anonymous_1)
DA:2,0
DA:5,0
DA:7,0
DA:9,0
DA:11,0
LF:5
LH:0
BRDA:7,0,0,0
BRDA:7,0,1,0
BRDA:7,1,0,0
BRDA:7,1,1,0
BRF:4
BRH:0
end_of_record
TN:
SF:src/use_cases/customer/findByCPF.js
FN:4,findByCPF
FNF:1
FNH:0
FNDA:0,findByCPF
DA:2,0
DA:5,0
LF:2
LH:0
BRF:0
BRH:0
end_of_record
TN:
SF:src/use_cases/customer/findById.js
FN:4,findById
FNF:1
FNH:0
FNDA:0,findById
DA:2,0
DA:5,0
LF:2
LH:0
BRF:0
BRH:0
end_of_record
TN:
SF:src/use_cases/customer/getAll.js
FN:4,getAllCustomers
FNF:1
FNH:0
FNDA:0,getAllCustomers
DA:2,0
DA:6,0
LF:2
LH:0
BRF:0
BRH:0
end_of_record
TN:
SF:src/use_cases/customer/updateById.js
FN:6,updateById
FN:29,(anonymous_1)
FNF:2
FNH:0
FNDA:0,updateById
FNDA:0,(anonymous_1)
DA:4,0
DA:17,0
DA:19,0
DA:21,0
DA:29,0
DA:30,0
DA:32,0
DA:34,0
LF:8
LH:0
BRDA:17,0,0,0
BRDA:17,0,1,0
BRDA:17,1,0,0
BRDA:17,1,1,0
BRDA:30,2,0,0
BRDA:30,2,1,0
BRF:6
BRH:0
end_of_record
TN:
SF:src/use_cases/customer/validateUser.js
FN:3,confirmCustomer
FNF:1
FNH:0
FNDA:0,confirmCustomer
DA:7,0
LF:1
LH:0
BRF:0
BRH:0
end_of_record
TN:
SF:src/use_cases/order/add.js
FN:6,createOrder
FNF:1
FNH:0
FNDA:0,createOrder
DA:4,0
DA:16,0
DA:17,0
DA:20,0
DA:22,0
LF:5
LH:0
BRDA:16,0,0,0
BRDA:16,0,1,0
BRDA:16,1,0,0
BRDA:16,1,1,0
BRDA:16,1,2,0
BRDA:16,1,3,0
BRDA:16,1,4,0
BRF:7
BRH:0
end_of_record
TN:
SF:src/use_cases/order/deleteById.js
FN:5,deleteById
FN:6,(anonymous_1)
FNF:2
FNH:0
FNDA:0,deleteById
FNDA:0,(anonymous_1)
DA:3,0
DA:6,0
DA:8,0
DA:10,0
DA:12,0
LF:5
LH:0
BRDA:8,0,0,0
BRDA:8,0,1,0
BRDA:8,1,0,0
BRDA:8,1,1,0
BRF:4
BRH:0
end_of_record
TN:
SF:src/use_cases/order/findById.js
FN:5,findById
FNF:1
FNH:0
FNDA:0,findById
DA:3,0
DA:6,0
LF:2
LH:0
BRF:0
BRH:0
end_of_record
TN:
SF:src/use_cases/order/getAll.js
FN:5,getAllOrders
FNF:1
FNH:0
FNDA:0,getAllOrders
DA:3,0
DA:7,0
LF:2
LH:0
BRF:0
BRH:0
end_of_record
TN:
SF:src/use_cases/order/updateById.js
FN:6,updateById
FN:31,(anonymous_1)
FNF:2
FNH:0
FNDA:0,updateById
FNDA:0,(anonymous_1)
DA:4,0
DA:18,0
DA:20,0
DA:22,0
DA:31,0
DA:32,0
DA:34,0
DA:36,0
LF:8
LH:0
BRDA:18,0,0,0
BRDA:18,0,1,0
BRDA:18,1,0,0
BRDA:18,1,1,0
BRDA:18,1,2,0
BRDA:18,1,3,0
BRDA:18,1,4,0
BRDA:32,2,0,0
BRDA:32,2,1,0
BRF:9
BRH:0
end_of_record
TN:
SF:src/use_cases/order/updateStatusById.js
FN:6,updateStatusById
FN:22,(anonymous_1)
FNF:2
FNH:0
FNDA:0,updateStatusById
FNDA:0,(anonymous_1)
DA:4,0
DA:13,0
DA:15,0
DA:17,0
DA:22,0
DA:23,0
DA:25,0
DA:27,0
LF:8
LH:0
BRDA:13,0,0,0
BRDA:13,0,1,0
BRDA:13,1,0,0
BRDA:13,1,1,0
BRDA:23,2,0,0
BRDA:23,2,1,0
BRF:6
BRH:0
end_of_record
TN:
SF:src/use_cases/payment/add.js
FN:7,createPayment
FNF:1
FNH:0
FNDA:0,createPayment
DA:4,0
DA:15,0
DA:16,0
DA:19,0
DA:21,0
DA:23,0
DA:25,0
LF:7
LH:0
BRDA:16,0,0,0
BRDA:16,0,1,0
BRDA:16,1,0,0
BRDA:16,1,1,0
BRDA:16,1,2,0
BRF:5
BRH:0
end_of_record
TN:
SF:src/use_cases/payment/addMercadoPago.js
FN:4,addPayment
FNF:1
FNH:0
FNDA:0,addPayment
DA:5,0
DA:7,0
DA:8,0
DA:9,0
DA:10,0
DA:11,0
LF:6
LH:0
BRDA:5,0,0,0
BRDA:5,0,1,0
BRDA:10,1,0,0
BRDA:10,1,1,0
BRF:4
BRH:0
end_of_record
TN:
SF:src/use_cases/payment/findById.js
FN:5,findById
FNF:1
FNH:0
FNDA:0,findById
DA:3,0
DA:6,0
LF:2
LH:0
BRF:0
BRH:0
end_of_record
TN:
SF:src/use_cases/payment/getAll.js
FN:4,getAllPayment
FNF:1
FNH:0
FNDA:0,getAllPayment
DA:7,0
LF:1
LH:0
BRF:0
BRH:0
end_of_record
TN:
SF:src/use_cases/payment/updateById.js
FN:6,updateById
FNF:1
FNH:0
FNDA:0,updateById
DA:4,0
DA:13,0
DA:15,0
DA:41,0
DA:53,0
LF:5
LH:0
BRDA:13,0,0,0
BRDA:13,0,1,0
BRF:2
BRH:0
end_of_record
TN:
SF:src/use_cases/product/add.js
FN:6,createProduct
FNF:1
FNH:0
FNDA:0,createProduct
DA:4,0
DA:15,0
DA:18,0
DA:22,0
DA:24,0
LF:5
LH:0
BRDA:15,0,0,0
BRDA:15,0,1,0
BRDA:15,1,0,0
BRDA:15,1,1,0
BRDA:15,1,2,0
BRDA:15,1,3,0
BRF:6
BRH:0
end_of_record
TN:
SF:src/use_cases/product/deleteById.js
FN:5,deleteById
FN:6,(anonymous_1)
FNF:2
FNH:0
FNDA:0,deleteById
FNDA:0,(anonymous_1)
DA:3,0
DA:6,0
DA:8,0
DA:10,0
DA:12,0
LF:5
LH:0
BRDA:8,0,0,0
BRDA:8,0,1,0
BRDA:8,1,0,0
BRDA:8,1,1,0
BRF:4
BRH:0
end_of_record
TN:
SF:src/use_cases/product/findById.js
FN:4,findById
FNF:1
FNH:0
FNDA:0,findById
DA:3,0
DA:5,0
LF:2
LH:0
BRF:0
BRH:0
end_of_record
TN:
SF:src/use_cases/product/getAll.js
FN:4,getAllProducts
FNF:1
FNH:0
FNDA:0,getAllProducts
DA:3,0
DA:6,0
LF:2
LH:0
BRF:0
BRH:0
end_of_record
TN:
SF:src/use_cases/product/updateById.js
FN:7,updateById
FN:30,(anonymous_1)
FNF:2
FNH:0
FNDA:0,updateById
FNDA:0,(anonymous_1)
DA:5,0
DA:18,0
DA:20,0
DA:22,0
DA:30,0
DA:31,0
DA:33,0
DA:35,0
LF:8
LH:0
BRDA:18,0,0,0
BRDA:18,0,1,0
BRDA:18,1,0,0
BRDA:18,1,1,0
BRDA:18,1,2,0
BRDA:18,1,3,0
BRDA:31,2,0,0
BRDA:31,2,1,0
BRF:8
BRH:0
end_of_record
TN:
SF:src/use_cases/status/add.js
FN:6,createStatus
FNF:1
FNH:0
FNDA:0,createStatus
DA:4,0
DA:12,0
DA:13,0
DA:16,0
DA:18,0
DA:20,0
DA:21,0
DA:22,0
LF:8
LH:0
BRDA:13,0,0,0
BRDA:13,0,1,0
BRF:2
BRH:0
end_of_record
TN:
SF:src/use_cases/status/deleteById.js
FN:5,deleteById
FN:6,(anonymous_1)
FNF:2
FNH:0
FNDA:0,deleteById
FNDA:0,(anonymous_1)
DA:3,0
DA:6,0
DA:8,0
DA:10,0
DA:12,0
LF:5
LH:0
BRDA:8,0,0,0
BRDA:8,0,1,0
BRDA:8,1,0,0
BRDA:8,1,1,0
BRF:4
BRH:0
end_of_record
TN:
SF:src/use_cases/status/findById.js
FN:5,findById
FNF:1
FNH:0
FNDA:0,findById
DA:3,0
DA:6,0
LF:2
LH:0
BRF:0
BRH:0
end_of_record
TN:
SF:src/use_cases/status/getAll.js
FN:4,getAllStatus
FNF:1
FNH:0
FNDA:0,getAllStatus
DA:3,0
DA:6,0
LF:2
LH:0
BRF:0
BRH:0
end_of_record
TN:
SF:src/use_cases/status/updateById.js
FN:6,updateById
FN:27,(anonymous_1)
FNF:2
FNH:0
FNDA:0,updateById
FNDA:0,(anonymous_1)
DA:4,0
DA:16,0
DA:18,0
DA:20,0
DA:27,0
DA:28,0
DA:30,0
DA:32,0
LF:8
LH:0
BRDA:16,0,0,0
BRDA:16,0,1,0
BRDA:16,1,0,0
BRDA:16,1,1,0
BRDA:28,2,0,0
BRDA:28,2,1,0
BRF:6
BRH:0
end_of_record
TN:
SF:src/web/categoryRoutes.js
FN:3,categoryRoutes
FNF:1
FNH:0
FNDA:0,categoryRoutes
DA:4,0
DA:5,0
DA:8,0
DA:12,0
DA:19,0
DA:32,0
DA:45,0
DA:50,0
LF:8
LH:0
BRF:0
BRH:0
end_of_record
TN:
SF:src/web/customerRoutes.js
FN:4,customerRoutes
FNF:1
FNH:0
FNDA:0,customerRoutes
DA:5,0
DA:6,0
DA:14,0
DA:20,0
DA:30,0
DA:43,0
DA:56,0
DA:70,0
DA:83,0
DA:88,0
LF:10
LH:0
BRF:0
BRH:0
end_of_record
TN:
SF:src/web/orderRoutes.js
FN:3,orderRoutes
FNF:1
FNH:0
FNDA:0,orderRoutes
DA:4,0
DA:5,0
DA:8,0
DA:21,0
DA:26,0
DA:39,0
DA:52,0
DA:65,0
DA:70,0
LF:9
LH:0
BRF:0
BRH:0
end_of_record
TN:
SF:src/web/paymentRoutes.js
FN:3,paymentRoutes
FNF:1
FNH:0
FNDA:0,paymentRoutes
DA:4,0
DA:5,0
DA:7,0
DA:13,0
DA:27,0
DA:39,0
LF:6
LH:0
BRF:0
BRH:0
end_of_record
TN:
SF:src/web/productRoutes.js
FN:5,productRoutes
FNF:1
FNH:0
FNDA:0,productRoutes
DA:6,0
DA:7,0
DA:10,0
DA:15,0
DA:21,0
DA:35,0
DA:48,0
DA:53,0
LF:8
LH:0
BRF:0
BRH:0
end_of_record
TN:
SF:src/web/statusRoutes.js
FN:3,statusRoutes
FNF:1
FNH:0
FNDA:0,statusRoutes
DA:4,0
DA:5,0
DA:8,0
DA:12,0
DA:19,0
DA:32,0
DA:45,0
DA:50,0
LF:8
LH:0
BRF:0
BRH:0
end_of_record
TN:
SF:src/web/webhookRoutes.js
FN:3,webhookRoutes
FNF:1
FNH:0
FNDA:0,webhookRoutes
DA:4,0
DA:5,0
DA:7,0
DA:12,0
LF:4
LH:0
BRF:0
BRH:0
end_of_record
