TN:
SF:src\application\categoryGateway.js
FN:3,categoryGateway
FN:5,(anonymous_1)
FN:6,(anonymous_2)
FN:7,(anonymous_3)
FN:8,(anonymous_4)
FN:9,(anonymous_5)
FNF:6
FNH:1
FNDA:5,categoryGateway
FNDA:0,(anonymous_1)
FNDA:0,(anonymous_2)
FNDA:0,(anonymous_3)
FNDA:0,(anonymous_4)
FNDA:0,(anonymous_5)
DA:5,5
DA:6,5
DA:7,5
DA:8,5
DA:9,5
DA:11,5
LF:6
LH:6
BRF:0
BRH:0
end_of_record
TN:
SF:src\config\dbConnectMysql.js
FNF:0
FNH:0
DA:22,5
DA:28,5
LF:2
LH:2
BRF:0
BRH:0
end_of_record
TN:
SF:src\controllers\categoryController.js
FN:7,categoryController
FN:9,(anonymous_1)
FN:18,(anonymous_2)
FN:36,(anonymous_3)
FN:38,(anonymous_4)
FN:45,(anonymous_5)
FN:48,(anonymous_6)
FN:50,(anonymous_7)
FN:57,(anonymous_8)
FN:60,(anonymous_9)
FN:65,(anonymous_10)
FN:85,(anonymous_11)
FN:98,(anonymous_12)
FNF:13
FNH:7
FNDA:9,categoryController
FNDA:3,(anonymous_1)
FNDA:1,(anonymous_2)
FNDA:0,(anonymous_3)
FNDA:0,(anonymous_4)
FNDA:0,(anonymous_5)
FNDA:0,(anonymous_6)
FNDA:0,(anonymous_7)
FNDA:0,(anonymous_8)
FNDA:3,(anonymous_9)
FNDA:2,(anonymous_10)
FNDA:3,(anonymous_11)
FNDA:2,(anonymous_12)
DA:9,9
DA:10,3
DA:11,3
DA:13,3
DA:19,1
DA:23,2
DA:24,2
DA:36,9
DA:37,0
DA:39,0
DA:40,0
DA:41,0
DA:43,0
DA:45,0
DA:48,9
DA:49,0
DA:51,0
DA:52,0
DA:54,0
DA:57,0
DA:60,9
DA:61,3
DA:62,3
DA:66,2
DA:67,2
DA:68,1
DA:70,1
DA:80,1
DA:81,1
DA:85,9
DA:86,3
DA:87,3
DA:89,3
DA:99,2
DA:100,2
DA:101,1
DA:103,1
DA:106,1
DA:107,1
DA:118,9
LF:40
LH:29
BRDA:40,0,0,0
BRDA:40,0,1,0
BRDA:40,1,0,0
BRDA:40,1,1,0
BRDA:51,2,0,0
BRDA:51,2,1,0
BRDA:67,3,0,1
BRDA:67,3,1,1
BRDA:100,4,0,1
BRDA:100,4,1,1
BRF:10
BRH:4
end_of_record
TN:
SF:src\db\database\mySql\repositories\categoryRepositoryMySqlDB.js
FN:3,categoryRepositoryMySqlDB
FN:6,(anonymous_1)
FN:7,(anonymous_2)
FN:9,(anonymous_3)
FN:15,(anonymous_4)
FN:18,(anonymous_5)
FN:22,(anonymous_6)
FN:25,(anonymous_7)
FN:40,(anonymous_8)
FN:41,(anonymous_9)
FN:44,(anonymous_10)
FN:50,(anonymous_11)
FN:53,(anonymous_12)
FN:57,(anonymous_13)
FN:60,(anonymous_14)
FN:72,(anonymous_15)
FN:73,(anonymous_16)
FN:75,(anonymous_17)
FN:81,(anonymous_18)
FN:84,(anonymous_19)
FN:88,(anonymous_20)
FN:91,(anonymous_21)
FN:104,(anonymous_22)
FN:105,(anonymous_23)
FN:107,(anonymous_24)
FN:113,(anonymous_25)
FN:116,(anonymous_26)
FN:120,(anonymous_27)
FN:123,(anonymous_28)
FN:162,(anonymous_29)
FN:163,(anonymous_30)
FN:165,(anonymous_31)
FN:171,(anonymous_32)
FN:174,(anonymous_33)
FN:178,(anonymous_34)
FN:181,(anonymous_35)
FNF:36
FNH:0
FNDA:0,categoryRepositoryMySqlDB
FNDA:0,(anonymous_1)
FNDA:0,(anonymous_2)
FNDA:0,(anonymous_3)
FNDA:0,(anonymous_4)
FNDA:0,(anonymous_5)
FNDA:0,(anonymous_6)
FNDA:0,(anonymous_7)
FNDA:0,(anonymous_8)
FNDA:0,(anonymous_9)
FNDA:0,(anonymous_10)
FNDA:0,(anonymous_11)
FNDA:0,(anonymous_12)
FNDA:0,(anonymous_13)
FNDA:0,(anonymous_14)
FNDA:0,(anonymous_15)
FNDA:0,(anonymous_16)
FNDA:0,(anonymous_17)
FNDA:0,(anonymous_18)
FNDA:0,(anonymous_19)
FNDA:0,(anonymous_20)
FNDA:0,(anonymous_21)
FNDA:0,(anonymous_22)
FNDA:0,(anonymous_23)
FNDA:0,(anonymous_24)
FNDA:0,(anonymous_25)
FNDA:0,(anonymous_26)
FNDA:0,(anonymous_27)
FNDA:0,(anonymous_28)
FNDA:0,(anonymous_29)
FNDA:0,(anonymous_30)
FNDA:0,(anonymous_31)
FNDA:0,(anonymous_32)
FNDA:0,(anonymous_33)
FNDA:0,(anonymous_34)
FNDA:0,(anonymous_35)
DA:6,0
DA:7,0
DA:9,0
DA:10,0
DA:11,0
DA:14,0
DA:15,0
DA:16,0
DA:18,0
DA:22,0
DA:23,0
DA:25,0
DA:29,0
DA:30,0
DA:31,0
DA:32,0
DA:40,0
DA:41,0
DA:44,0
DA:45,0
DA:46,0
DA:49,0
DA:50,0
DA:51,0
DA:53,0
DA:57,0
DA:58,0
DA:60,0
DA:64,0
DA:72,0
DA:73,0
DA:75,0
DA:76,0
DA:77,0
DA:80,0
DA:81,0
DA:82,0
DA:84,0
DA:88,0
DA:89,0
DA:91,0
DA:95,0
DA:104,0
DA:105,0
DA:107,0
DA:108,0
DA:109,0
DA:112,0
DA:113,0
DA:114,0
DA:116,0
DA:120,0
DA:121,0
DA:123,0
DA:125,0
DA:127,0
DA:128,0
DA:129,0
DA:132,0
DA:162,0
DA:163,0
DA:165,0
DA:166,0
DA:167,0
DA:170,0
DA:171,0
DA:172,0
DA:174,0
DA:178,0
DA:179,0
DA:181,0
DA:184,0
DA:185,0
DA:186,0
DA:187,0
DA:189,0
DA:190,0
DA:191,0
DA:194,0
DA:202,0
LF:80
LH:0
BRDA:10,0,0,0
BRDA:10,0,1,0
BRDA:16,1,0,0
BRDA:16,1,1,0
BRDA:23,2,0,0
BRDA:23,2,1,0
BRDA:45,3,0,0
BRDA:45,3,1,0
BRDA:51,4,0,0
BRDA:51,4,1,0
BRDA:58,5,0,0
BRDA:58,5,1,0
BRDA:76,6,0,0
BRDA:76,6,1,0
BRDA:82,7,0,0
BRDA:82,7,1,0
BRDA:89,8,0,0
BRDA:89,8,1,0
BRDA:108,9,0,0
BRDA:108,9,1,0
BRDA:114,10,0,0
BRDA:114,10,1,0
BRDA:121,11,0,0
BRDA:121,11,1,0
BRDA:127,12,0,0
BRDA:127,12,1,0
BRDA:166,13,0,0
BRDA:166,13,1,0
BRDA:172,14,0,0
BRDA:172,14,1,0
BRDA:179,15,0,0
BRDA:179,15,1,0
BRDA:189,16,0,0
BRDA:189,16,1,0
BRF:34
BRH:0
end_of_record
TN:
SF:src\entities\Category.js
FN:1,category
FN:8,(anonymous_1)
FN:9,(anonymous_2)
FN:10,(anonymous_3)
FN:11,(anonymous_4)
FNF:5
FNH:5
FNDA:5,category
FNDA:2,(anonymous_1)
FNDA:2,(anonymous_2)
FNDA:2,(anonymous_3)
FNDA:2,(anonymous_4)
DA:7,5
DA:8,2
DA:9,2
DA:10,2
DA:11,2
LF:5
LH:5
BRF:0
BRH:0
end_of_record
TN:
SF:src\use_cases\category\add.js
FN:6,createCategory
FNF:1
FNH:0
FNDA:0,createCategory
DA:4,1
DA:13,0
DA:14,0
DA:18,0
LF:4
LH:1
BRDA:13,0,0,0
BRDA:13,0,1,0
BRDA:13,1,0,0
BRDA:13,1,1,0
BRF:4
BRH:0
end_of_record
TN:
SF:src\use_cases\category\deleteById.js
FN:5,deleteById
FNF:1
FNH:0
FNDA:0,deleteById
DA:3,1
DA:6,0
LF:2
LH:1
BRF:0
BRH:0
end_of_record
TN:
SF:src\use_cases\category\findById.js
FN:5,findById
FNF:1
FNH:0
FNDA:0,findById
DA:3,1
DA:6,0
LF:2
LH:1
BRF:0
BRH:0
end_of_record
TN:
SF:src\use_cases\category\getAll.js
FN:4,getAllCategories
FNF:1
FNH:0
FNDA:0,getAllCategories
DA:3,1
DA:5,0
LF:2
LH:1
BRF:0
BRH:0
end_of_record
TN:
SF:src\use_cases\category\updateById.js
FN:6,updateCategoryById
FNF:1
FNH:0
FNDA:0,updateCategoryById
DA:4,1
DA:14,0
DA:15,0
DA:17,0
DA:23,0
LF:5
LH:1
BRDA:14,0,0,0
BRDA:14,0,1,0
BRDA:14,1,0,0
BRDA:14,1,1,0
BRF:4
BRH:0
end_of_record
